2024/11/21 22:12:45 [notice] 1#1: using the "epoll" event method
2024/11/21 22:12:45 [notice] 1#1: nginx/1.27.2
2024/11/21 22:12:45 [notice] 1#1: built by gcc 12.2.0 (Debian 12.2.0-14) 
2024/11/21 22:12:45 [notice] 1#1: OS: Linux 6.8.0-48-generic
2024/11/21 22:12:45 [notice] 1#1: getrlimit(RLIMIT_NOFILE): 1048576:1048576
2024/11/21 22:12:45 [notice] 1#1: start worker processes
2024/11/21 22:12:45 [notice] 1#1: start worker process 28
2024/11/21 22:12:45 [notice] 1#1: start worker process 29
2024/11/21 22:12:45 [notice] 1#1: start worker process 30
2024/11/21 22:12:45 [notice] 1#1: start worker process 31
2024/11/21 22:12:45 [notice] 1#1: start worker process 32
2024/11/21 22:12:45 [notice] 1#1: start worker process 33
2024/11/21 22:12:45 [notice] 1#1: start worker process 34
2024/11/21 22:12:45 [notice] 1#1: start worker process 35
2024/11/21 22:12:45 [notice] 1#1: start worker process 36
2024/11/21 22:12:45 [notice] 1#1: start worker process 37
2024/11/21 22:12:45 [notice] 1#1: start worker process 38
2024/11/21 22:12:45 [notice] 1#1: start worker process 39
2024/11/21 22:26:39 [notice] 1#1: signal 3 (SIGQUIT) received, shutting down
2024/11/21 22:26:39 [notice] 29#29: gracefully shutting down
2024/11/21 22:26:39 [notice] 28#28: gracefully shutting down
2024/11/21 22:26:39 [notice] 35#35: gracefully shutting down
2024/11/21 22:26:39 [notice] 30#30: gracefully shutting down
2024/11/21 22:26:39 [notice] 31#31: gracefully shutting down
2024/11/21 22:26:39 [notice] 34#34: gracefully shutting down
2024/11/21 22:26:39 [notice] 32#32: gracefully shutting down
2024/11/21 22:26:39 [notice] 33#33: gracefully shutting down
2024/11/21 22:26:39 [notice] 29#29: exiting
2024/11/21 22:26:39 [notice] 32#32: exiting
2024/11/21 22:26:39 [notice] 28#28: exiting
2024/11/21 22:26:39 [notice] 35#35: exiting
2024/11/21 22:26:39 [notice] 39#39: gracefully shutting down
2024/11/21 22:26:39 [notice] 28#28: exit
2024/11/21 22:26:39 [notice] 30#30: exiting
2024/11/21 22:26:39 [notice] 32#32: exit
2024/11/21 22:26:39 [notice] 36#36: gracefully shutting down
2024/11/21 22:26:39 [notice] 31#31: exiting
2024/11/21 22:26:39 [notice] 39#39: exiting
2024/11/21 22:26:39 [notice] 34#34: exiting
2024/11/21 22:26:39 [notice] 38#38: gracefully shutting down
2024/11/21 22:26:39 [notice] 36#36: exiting
2024/11/21 22:26:39 [notice] 33#33: exiting
2024/11/21 22:26:39 [notice] 38#38: exiting
2024/11/21 22:26:39 [notice] 30#30: exit
2024/11/21 22:26:39 [notice] 39#39: exit
2024/11/21 22:26:39 [notice] 31#31: exit
2024/11/21 22:26:39 [notice] 36#36: exit
2024/11/21 22:26:39 [notice] 38#38: exit
2024/11/21 22:26:39 [notice] 34#34: exit
2024/11/21 22:26:39 [notice] 33#33: exit
2024/11/21 22:26:39 [notice] 37#37: gracefully shutting down
2024/11/21 22:26:39 [notice] 37#37: exiting
2024/11/21 22:26:39 [notice] 37#37: exit
2024/11/21 22:26:39 [notice] 29#29: exit
2024/11/21 22:26:39 [notice] 35#35: exit
2024/11/21 22:26:39 [notice] 1#1: signal 17 (SIGCHLD) received from 32
2024/11/21 22:26:39 [notice] 1#1: worker process 29 exited with code 0
2024/11/21 22:26:39 [notice] 1#1: worker process 32 exited with code 0
2024/11/21 22:26:39 [notice] 1#1: worker process 38 exited with code 0
2024/11/21 22:26:39 [notice] 1#1: worker process 39 exited with code 0
2024/11/21 22:26:39 [notice] 1#1: signal 29 (SIGIO) received
2024/11/21 22:26:39 [notice] 1#1: signal 17 (SIGCHLD) received from 38
2024/11/21 22:26:39 [notice] 1#1: signal 17 (SIGCHLD) received from 36
2024/11/21 22:26:39 [notice] 1#1: worker process 36 exited with code 0
2024/11/21 22:26:39 [notice] 1#1: signal 29 (SIGIO) received
2024/11/21 22:26:39 [notice] 1#1: signal 17 (SIGCHLD) received from 37
2024/11/21 22:26:39 [notice] 1#1: worker process 37 exited with code 0
2024/11/21 22:26:39 [notice] 1#1: signal 29 (SIGIO) received
2024/11/21 22:26:39 [notice] 1#1: signal 17 (SIGCHLD) received from 30
2024/11/21 22:26:39 [notice] 1#1: worker process 30 exited with code 0
2024/11/21 22:26:39 [notice] 1#1: signal 29 (SIGIO) received
2024/11/21 22:26:39 [notice] 1#1: signal 17 (SIGCHLD) received from 31
2024/11/21 22:26:39 [notice] 1#1: worker process 31 exited with code 0
2024/11/21 22:26:39 [notice] 1#1: signal 29 (SIGIO) received
2024/11/21 22:26:39 [notice] 1#1: signal 17 (SIGCHLD) received from 35
2024/11/21 22:26:39 [notice] 1#1: worker process 35 exited with code 0
2024/11/21 22:26:39 [notice] 1#1: signal 29 (SIGIO) received
2024/11/21 22:26:39 [notice] 1#1: signal 17 (SIGCHLD) received from 34
2024/11/21 22:26:39 [notice] 1#1: worker process 34 exited with code 0
2024/11/21 22:26:39 [notice] 1#1: signal 29 (SIGIO) received
2024/11/21 22:26:39 [notice] 1#1: signal 17 (SIGCHLD) received from 33
2024/11/21 22:26:39 [notice] 1#1: worker process 33 exited with code 0
2024/11/21 22:26:39 [notice] 1#1: signal 29 (SIGIO) received
2024/11/21 22:26:39 [notice] 1#1: signal 17 (SIGCHLD) received from 28
2024/11/21 22:26:39 [notice] 1#1: worker process 28 exited with code 0
2024/11/21 22:26:39 [notice] 1#1: exit
2024/11/21 22:26:50 [notice] 1#1: using the "epoll" event method
2024/11/21 22:26:50 [notice] 1#1: nginx/1.27.2
2024/11/21 22:26:50 [notice] 1#1: built by gcc 12.2.0 (Debian 12.2.0-14) 
2024/11/21 22:26:50 [notice] 1#1: OS: Linux 6.8.0-48-generic
2024/11/21 22:26:50 [notice] 1#1: getrlimit(RLIMIT_NOFILE): 1048576:1048576
2024/11/21 22:26:50 [notice] 1#1: start worker processes
2024/11/21 22:26:50 [notice] 1#1: start worker process 28
2024/11/21 22:26:50 [notice] 1#1: start worker process 29
2024/11/21 22:26:50 [notice] 1#1: start worker process 30
2024/11/21 22:26:50 [notice] 1#1: start worker process 31
2024/11/21 22:26:50 [notice] 1#1: start worker process 32
2024/11/21 22:26:50 [notice] 1#1: start worker process 33
2024/11/21 22:26:50 [notice] 1#1: start worker process 34
2024/11/21 22:26:50 [notice] 1#1: start worker process 35
2024/11/21 22:26:50 [notice] 1#1: start worker process 36
2024/11/21 22:26:50 [notice] 1#1: start worker process 37
2024/11/21 22:26:50 [notice] 1#1: start worker process 38
2024/11/21 22:26:50 [notice] 1#1: start worker process 39
2024/11/21 22:41:29 [notice] 1#1: signal 3 (SIGQUIT) received, shutting down
2024/11/21 22:41:29 [notice] 30#30: gracefully shutting down
2024/11/21 22:41:29 [notice] 29#29: gracefully shutting down
2024/11/21 22:41:29 [notice] 31#31: gracefully shutting down
2024/11/21 22:41:29 [notice] 32#32: gracefully shutting down
2024/11/21 22:41:29 [notice] 33#33: gracefully shutting down
2024/11/21 22:41:29 [notice] 34#34: gracefully shutting down
2024/11/21 22:41:29 [notice] 37#37: gracefully shutting down
2024/11/21 22:41:29 [notice] 35#35: gracefully shutting down
2024/11/21 22:41:29 [notice] 30#30: exiting
2024/11/21 22:41:29 [notice] 28#28: gracefully shutting down
2024/11/21 22:41:29 [notice] 39#39: gracefully shutting down
2024/11/21 22:41:29 [notice] 29#29: exiting
2024/11/21 22:41:29 [notice] 31#31: exiting
2024/11/21 22:41:29 [notice] 32#32: exiting
2024/11/21 22:41:29 [notice] 33#33: exiting
2024/11/21 22:41:29 [notice] 34#34: exiting
2024/11/21 22:41:29 [notice] 37#37: exiting
2024/11/21 22:41:29 [notice] 35#35: exiting
2024/11/21 22:41:29 [notice] 28#28: exiting
2024/11/21 22:41:29 [notice] 39#39: exiting
2024/11/21 22:41:29 [notice] 30#30: exit
2024/11/21 22:41:29 [notice] 37#37: exit
2024/11/21 22:41:29 [notice] 31#31: exit
2024/11/21 22:41:29 [notice] 29#29: exit
2024/11/21 22:41:29 [notice] 34#34: exit
2024/11/21 22:41:29 [notice] 32#32: exit
2024/11/21 22:41:29 [notice] 35#35: exit
2024/11/21 22:41:29 [notice] 33#33: exit
2024/11/21 22:41:29 [notice] 28#28: exit
2024/11/21 22:41:29 [notice] 39#39: exit
2024/11/21 22:41:29 [notice] 36#36: gracefully shutting down
2024/11/21 22:41:29 [notice] 36#36: exiting
2024/11/21 22:41:29 [notice] 36#36: exit
2024/11/21 22:41:29 [notice] 38#38: gracefully shutting down
2024/11/21 22:41:29 [notice] 38#38: exiting
2024/11/21 22:41:29 [notice] 38#38: exit
2024/11/21 22:41:29 [notice] 1#1: signal 17 (SIGCHLD) received from 34
2024/11/21 22:41:29 [notice] 1#1: worker process 29 exited with code 0
2024/11/21 22:41:29 [notice] 1#1: worker process 32 exited with code 0
2024/11/21 22:41:29 [notice] 1#1: worker process 34 exited with code 0
2024/11/21 22:41:29 [notice] 1#1: worker process 36 exited with code 0
2024/11/21 22:41:29 [notice] 1#1: signal 29 (SIGIO) received
2024/11/21 22:41:29 [notice] 1#1: signal 17 (SIGCHLD) received from 29
2024/11/21 22:41:29 [notice] 1#1: signal 17 (SIGCHLD) received from 37
2024/11/21 22:41:29 [notice] 1#1: worker process 37 exited with code 0
2024/11/21 22:41:29 [notice] 1#1: signal 29 (SIGIO) received
2024/11/21 22:41:29 [notice] 1#1: signal 17 (SIGCHLD) received from 31
2024/11/21 22:41:29 [notice] 1#1: worker process 31 exited with code 0
2024/11/21 22:41:29 [notice] 1#1: signal 29 (SIGIO) received
2024/11/21 22:41:29 [notice] 1#1: signal 17 (SIGCHLD) received from 35
2024/11/21 22:41:29 [notice] 1#1: worker process 35 exited with code 0
2024/11/21 22:41:29 [notice] 1#1: signal 29 (SIGIO) received
2024/11/21 22:41:29 [notice] 1#1: signal 17 (SIGCHLD) received from 38
2024/11/21 22:41:29 [notice] 1#1: worker process 30 exited with code 0
2024/11/21 22:41:29 [notice] 1#1: worker process 33 exited with code 0
2024/11/21 22:41:29 [notice] 1#1: worker process 38 exited with code 0
2024/11/21 22:41:29 [notice] 1#1: signal 29 (SIGIO) received
2024/11/21 22:41:29 [notice] 1#1: signal 17 (SIGCHLD) received from 39
2024/11/21 22:41:29 [notice] 1#1: worker process 39 exited with code 0
2024/11/21 22:41:29 [notice] 1#1: signal 29 (SIGIO) received
2024/11/21 22:41:29 [notice] 1#1: signal 17 (SIGCHLD) received from 28
2024/11/21 22:41:29 [notice] 1#1: worker process 28 exited with code 0
2024/11/21 22:41:29 [notice] 1#1: exit
2024/11/21 22:43:05 [notice] 1#1: using the "epoll" event method
2024/11/21 22:43:05 [notice] 1#1: nginx/1.27.2
2024/11/21 22:43:05 [notice] 1#1: built by gcc 12.2.0 (Debian 12.2.0-14) 
2024/11/21 22:43:05 [notice] 1#1: OS: Linux 6.8.0-48-generic
2024/11/21 22:43:05 [notice] 1#1: getrlimit(RLIMIT_NOFILE): 1048576:1048576
2024/11/21 22:43:05 [notice] 1#1: start worker processes
2024/11/21 22:43:05 [notice] 1#1: start worker process 28
2024/11/21 22:43:05 [notice] 1#1: start worker process 29
2024/11/21 22:43:05 [notice] 1#1: start worker process 30
2024/11/21 22:43:05 [notice] 1#1: start worker process 31
2024/11/21 22:43:05 [notice] 1#1: start worker process 32
2024/11/21 22:43:05 [notice] 1#1: start worker process 33
2024/11/21 22:43:05 [notice] 1#1: start worker process 34
2024/11/21 22:43:05 [notice] 1#1: start worker process 35
2024/11/21 22:43:05 [notice] 1#1: start worker process 36
2024/11/21 22:43:05 [notice] 1#1: start worker process 37
2024/11/21 22:43:05 [notice] 1#1: start worker process 38
2024/11/21 22:43:05 [notice] 1#1: start worker process 39
2024/11/21 22:44:57 [notice] 1#1: signal 3 (SIGQUIT) received, shutting down
2024/11/21 22:44:57 [notice] 31#31: gracefully shutting down
2024/11/21 22:44:57 [notice] 29#29: gracefully shutting down
2024/11/21 22:44:57 [notice] 30#30: gracefully shutting down
2024/11/21 22:44:57 [notice] 34#34: gracefully shutting down
2024/11/21 22:44:57 [notice] 28#28: gracefully shutting down
2024/11/21 22:44:57 [notice] 33#33: gracefully shutting down
2024/11/21 22:44:57 [notice] 31#31: exiting
2024/11/21 22:44:57 [notice] 29#29: exiting
2024/11/21 22:44:57 [notice] 30#30: exiting
2024/11/21 22:44:57 [notice] 34#34: exiting
2024/11/21 22:44:57 [notice] 28#28: exiting
2024/11/21 22:44:57 [notice] 33#33: exiting
2024/11/21 22:44:57 [notice] 32#32: gracefully shutting down
2024/11/21 22:44:57 [notice] 31#31: exit
2024/11/21 22:44:57 [notice] 29#29: exit
2024/11/21 22:44:57 [notice] 30#30: exit
2024/11/21 22:44:57 [notice] 34#34: exit
2024/11/21 22:44:57 [notice] 33#33: exit
2024/11/21 22:44:57 [notice] 32#32: exiting
2024/11/21 22:44:57 [notice] 35#35: gracefully shutting down
2024/11/21 22:44:57 [notice] 28#28: exit
2024/11/21 22:44:57 [notice] 35#35: exiting
2024/11/21 22:44:57 [notice] 32#32: exit
2024/11/21 22:44:57 [notice] 35#35: exit
2024/11/21 22:44:57 [notice] 36#36: gracefully shutting down
2024/11/21 22:44:57 [notice] 37#37: gracefully shutting down
2024/11/21 22:44:57 [notice] 36#36: exiting
2024/11/21 22:44:57 [notice] 37#37: exiting
2024/11/21 22:44:57 [notice] 36#36: exit
2024/11/21 22:44:57 [notice] 37#37: exit
2024/11/21 22:44:57 [notice] 38#38: gracefully shutting down
2024/11/21 22:44:57 [notice] 39#39: gracefully shutting down
2024/11/21 22:44:57 [notice] 38#38: exiting
2024/11/21 22:44:57 [notice] 39#39: exiting
2024/11/21 22:44:57 [notice] 38#38: exit
2024/11/21 22:44:57 [notice] 39#39: exit
2024/11/21 22:44:57 [notice] 1#1: signal 17 (SIGCHLD) received from 35
2024/11/21 22:44:57 [notice] 1#1: worker process 35 exited with code 0
2024/11/21 22:44:57 [notice] 1#1: signal 29 (SIGIO) received
2024/11/21 22:44:57 [notice] 1#1: signal 17 (SIGCHLD) received from 29
2024/11/21 22:44:57 [notice] 1#1: worker process 29 exited with code 0
2024/11/21 22:44:57 [notice] 1#1: signal 29 (SIGIO) received
2024/11/21 22:44:57 [notice] 1#1: signal 17 (SIGCHLD) received from 38
2024/11/21 22:44:57 [notice] 1#1: worker process 37 exited with code 0
2024/11/21 22:44:57 [notice] 1#1: worker process 28 exited with code 0
2024/11/21 22:44:57 [notice] 1#1: worker process 38 exited with code 0
2024/11/21 22:44:57 [notice] 1#1: signal 29 (SIGIO) received
2024/11/21 22:44:57 [notice] 1#1: signal 17 (SIGCHLD) received from 28
2024/11/21 22:44:57 [notice] 1#1: signal 17 (SIGCHLD) received from 30
2024/11/21 22:44:57 [notice] 1#1: worker process 30 exited with code 0
2024/11/21 22:44:57 [notice] 1#1: worker process 36 exited with code 0
2024/11/21 22:44:57 [notice] 1#1: signal 29 (SIGIO) received
2024/11/21 22:44:57 [notice] 1#1: signal 17 (SIGCHLD) received from 34
2024/11/21 22:44:57 [notice] 1#1: worker process 32 exited with code 0
2024/11/21 22:44:57 [notice] 1#1: worker process 33 exited with code 0
2024/11/21 22:44:57 [notice] 1#1: worker process 34 exited with code 0
2024/11/21 22:44:57 [notice] 1#1: worker process 39 exited with code 0
2024/11/21 22:44:57 [notice] 1#1: signal 29 (SIGIO) received
2024/11/21 22:44:57 [notice] 1#1: signal 17 (SIGCHLD) received from 31
2024/11/21 22:44:57 [notice] 1#1: worker process 31 exited with code 0
2024/11/21 22:44:57 [notice] 1#1: exit
2024/11/21 22:45:48 [notice] 1#1: using the "epoll" event method
2024/11/21 22:45:48 [notice] 1#1: nginx/1.27.2
2024/11/21 22:45:48 [notice] 1#1: built by gcc 12.2.0 (Debian 12.2.0-14) 
2024/11/21 22:45:48 [notice] 1#1: OS: Linux 6.8.0-48-generic
2024/11/21 22:45:48 [notice] 1#1: getrlimit(RLIMIT_NOFILE): 1048576:1048576
2024/11/21 22:45:48 [notice] 1#1: start worker processes
2024/11/21 22:45:48 [notice] 1#1: start worker process 28
2024/11/21 22:45:48 [notice] 1#1: start worker process 29
2024/11/21 22:45:48 [notice] 1#1: start worker process 30
2024/11/21 22:45:48 [notice] 1#1: start worker process 31
2024/11/21 22:45:48 [notice] 1#1: start worker process 32
2024/11/21 22:45:48 [notice] 1#1: start worker process 33
2024/11/21 22:45:48 [notice] 1#1: start worker process 34
2024/11/21 22:45:48 [notice] 1#1: start worker process 35
2024/11/21 22:45:48 [notice] 1#1: start worker process 36
2024/11/21 22:45:48 [notice] 1#1: start worker process 37
2024/11/21 22:45:48 [notice] 1#1: start worker process 38
2024/11/21 22:45:48 [notice] 1#1: start worker process 39
2024/11/21 22:47:40 [notice] 1#1: signal 3 (SIGQUIT) received, shutting down
2024/11/21 22:47:40 [notice] 29#29: gracefully shutting down
2024/11/21 22:47:40 [notice] 30#30: gracefully shutting down
2024/11/21 22:47:40 [notice] 28#28: gracefully shutting down
2024/11/21 22:47:40 [notice] 29#29: exiting
2024/11/21 22:47:40 [notice] 30#30: exiting
2024/11/21 22:47:40 [notice] 35#35: gracefully shutting down
2024/11/21 22:47:40 [notice] 32#32: gracefully shutting down
2024/11/21 22:47:40 [notice] 28#28: exiting
2024/11/21 22:47:40 [notice] 39#39: gracefully shutting down
2024/11/21 22:47:40 [notice] 33#33: gracefully shutting down
2024/11/21 22:47:40 [notice] 31#31: gracefully shutting down
2024/11/21 22:47:40 [notice] 29#29: exit
2024/11/21 22:47:40 [notice] 30#30: exit
2024/11/21 22:47:40 [notice] 35#35: exiting
2024/11/21 22:47:40 [notice] 32#32: exiting
2024/11/21 22:47:40 [notice] 39#39: exiting
2024/11/21 22:47:40 [notice] 33#33: exiting
2024/11/21 22:47:40 [notice] 28#28: exit
2024/11/21 22:47:40 [notice] 31#31: exiting
2024/11/21 22:47:40 [notice] 39#39: exit
2024/11/21 22:47:40 [notice] 35#35: exit
2024/11/21 22:47:40 [notice] 32#32: exit
2024/11/21 22:47:40 [notice] 33#33: exit
2024/11/21 22:47:40 [notice] 31#31: exit
2024/11/21 22:47:40 [notice] 36#36: gracefully shutting down
2024/11/21 22:47:40 [notice] 34#34: gracefully shutting down
2024/11/21 22:47:40 [notice] 37#37: gracefully shutting down
2024/11/21 22:47:40 [notice] 36#36: exiting
2024/11/21 22:47:40 [notice] 34#34: exiting
2024/11/21 22:47:40 [notice] 38#38: gracefully shutting down
2024/11/21 22:47:40 [notice] 37#37: exiting
2024/11/21 22:47:40 [notice] 36#36: exit
2024/11/21 22:47:40 [notice] 38#38: exiting
2024/11/21 22:47:40 [notice] 34#34: exit
2024/11/21 22:47:40 [notice] 37#37: exit
2024/11/21 22:47:40 [notice] 38#38: exit
2024/11/21 22:47:41 [notice] 1#1: signal 17 (SIGCHLD) received from 32
2024/11/21 22:47:41 [notice] 1#1: worker process 32 exited with code 0
2024/11/21 22:47:41 [notice] 1#1: signal 29 (SIGIO) received
2024/11/21 22:47:41 [notice] 1#1: signal 17 (SIGCHLD) received from 30
2024/11/21 22:47:41 [notice] 1#1: worker process 30 exited with code 0
2024/11/21 22:47:41 [notice] 1#1: worker process 31 exited with code 0
2024/11/21 22:47:41 [notice] 1#1: signal 29 (SIGIO) received
2024/11/21 22:47:41 [notice] 1#1: signal 17 (SIGCHLD) received from 28
2024/11/21 22:47:41 [notice] 1#1: worker process 28 exited with code 0
2024/11/21 22:47:41 [notice] 1#1: worker process 34 exited with code 0
2024/11/21 22:47:41 [notice] 1#1: worker process 38 exited with code 0
2024/11/21 22:47:41 [notice] 1#1: worker process 39 exited with code 0
2024/11/21 22:47:41 [notice] 1#1: signal 29 (SIGIO) received
2024/11/21 22:47:41 [notice] 1#1: signal 17 (SIGCHLD) received from 39
2024/11/21 22:47:41 [notice] 1#1: signal 17 (SIGCHLD) received from 33
2024/11/21 22:47:41 [notice] 1#1: worker process 33 exited with code 0
2024/11/21 22:47:41 [notice] 1#1: worker process 35 exited with code 0
2024/11/21 22:47:41 [notice] 1#1: worker process 36 exited with code 0
2024/11/21 22:47:41 [notice] 1#1: signal 29 (SIGIO) received
2024/11/21 22:47:41 [notice] 1#1: signal 17 (SIGCHLD) received from 36
2024/11/21 22:47:41 [notice] 1#1: signal 17 (SIGCHLD) received from 29
2024/11/21 22:47:41 [notice] 1#1: worker process 29 exited with code 0
2024/11/21 22:47:41 [notice] 1#1: signal 29 (SIGIO) received
2024/11/21 22:47:41 [notice] 1#1: signal 17 (SIGCHLD) received from 37
2024/11/21 22:47:41 [notice] 1#1: worker process 37 exited with code 0
2024/11/21 22:47:41 [notice] 1#1: exit
2024/11/21 22:49:45 [notice] 1#1: using the "epoll" event method
2024/11/21 22:49:45 [notice] 1#1: nginx/1.27.2
2024/11/21 22:49:45 [notice] 1#1: built by gcc 12.2.0 (Debian 12.2.0-14) 
2024/11/21 22:49:45 [notice] 1#1: OS: Linux 6.8.0-48-generic
2024/11/21 22:49:45 [notice] 1#1: getrlimit(RLIMIT_NOFILE): 1048576:1048576
2024/11/21 22:49:45 [notice] 1#1: start worker processes
2024/11/21 22:49:45 [notice] 1#1: start worker process 28
2024/11/21 22:49:45 [notice] 1#1: start worker process 29
2024/11/21 22:49:45 [notice] 1#1: start worker process 30
2024/11/21 22:49:45 [notice] 1#1: start worker process 31
2024/11/21 22:49:45 [notice] 1#1: start worker process 32
2024/11/21 22:49:45 [notice] 1#1: start worker process 33
2024/11/21 22:49:45 [notice] 1#1: start worker process 34
2024/11/21 22:49:45 [notice] 1#1: start worker process 35
2024/11/21 22:49:45 [notice] 1#1: start worker process 36
2024/11/21 22:49:45 [notice] 1#1: start worker process 37
2024/11/21 22:49:45 [notice] 1#1: start worker process 38
2024/11/21 22:49:45 [notice] 1#1: start worker process 39
2024/11/21 22:53:00 [notice] 1#1: signal 3 (SIGQUIT) received, shutting down
2024/11/21 22:53:00 [notice] 28#28: gracefully shutting down
2024/11/21 22:53:00 [notice] 32#32: gracefully shutting down
2024/11/21 22:53:00 [notice] 33#33: gracefully shutting down
2024/11/21 22:53:00 [notice] 28#28: exiting
2024/11/21 22:53:00 [notice] 29#29: gracefully shutting down
2024/11/21 22:53:00 [notice] 30#30: gracefully shutting down
2024/11/21 22:53:00 [notice] 31#31: gracefully shutting down
2024/11/21 22:53:00 [notice] 32#32: exiting
2024/11/21 22:53:00 [notice] 36#36: gracefully shutting down
2024/11/21 22:53:00 [notice] 34#34: gracefully shutting down
2024/11/21 22:53:00 [notice] 35#35: gracefully shutting down
2024/11/21 22:53:00 [notice] 33#33: exiting
2024/11/21 22:53:00 [notice] 28#28: exit
2024/11/21 22:53:00 [notice] 29#29: exiting
2024/11/21 22:53:00 [notice] 39#39: gracefully shutting down
2024/11/21 22:53:00 [notice] 30#30: exiting
2024/11/21 22:53:00 [notice] 31#31: exiting
2024/11/21 22:53:00 [notice] 36#36: exiting
2024/11/21 22:53:00 [notice] 32#32: exit
2024/11/21 22:53:00 [notice] 34#34: exiting
2024/11/21 22:53:00 [notice] 35#35: exiting
2024/11/21 22:53:00 [notice] 33#33: exit
2024/11/21 22:53:00 [notice] 39#39: exiting
2024/11/21 22:53:00 [notice] 29#29: exit
2024/11/21 22:53:00 [notice] 36#36: exit
2024/11/21 22:53:00 [notice] 30#30: exit
2024/11/21 22:53:00 [notice] 31#31: exit
2024/11/21 22:53:00 [notice] 35#35: exit
2024/11/21 22:53:00 [notice] 34#34: exit
2024/11/21 22:53:00 [notice] 37#37: gracefully shutting down
2024/11/21 22:53:00 [notice] 39#39: exit
2024/11/21 22:53:00 [notice] 37#37: exiting
2024/11/21 22:53:00 [notice] 37#37: exit
2024/11/21 22:53:00 [notice] 38#38: gracefully shutting down
2024/11/21 22:53:00 [notice] 38#38: exiting
2024/11/21 22:53:00 [notice] 38#38: exit
2024/11/21 22:53:00 [notice] 1#1: signal 17 (SIGCHLD) received from 36
2024/11/21 22:53:00 [notice] 1#1: worker process 31 exited with code 0
2024/11/21 22:53:00 [notice] 1#1: worker process 35 exited with code 0
2024/11/21 22:53:00 [notice] 1#1: worker process 36 exited with code 0
2024/11/21 22:53:00 [notice] 1#1: signal 29 (SIGIO) received
2024/11/21 22:53:00 [notice] 1#1: signal 17 (SIGCHLD) received from 37
2024/11/21 22:53:00 [notice] 1#1: worker process 37 exited with code 0
2024/11/21 22:53:00 [notice] 1#1: signal 29 (SIGIO) received
2024/11/21 22:53:00 [notice] 1#1: signal 17 (SIGCHLD) received from 28
2024/11/21 22:53:00 [notice] 1#1: worker process 28 exited with code 0
2024/11/21 22:53:00 [notice] 1#1: worker process 29 exited with code 0
2024/11/21 22:53:00 [notice] 1#1: worker process 30 exited with code 0
2024/11/21 22:53:00 [notice] 1#1: worker process 33 exited with code 0
2024/11/21 22:53:00 [notice] 1#1: signal 29 (SIGIO) received
2024/11/21 22:53:00 [notice] 1#1: signal 17 (SIGCHLD) received from 34
2024/11/21 22:53:00 [notice] 1#1: worker process 34 exited with code 0
2024/11/21 22:53:00 [notice] 1#1: signal 29 (SIGIO) received
2024/11/21 22:53:00 [notice] 1#1: signal 17 (SIGCHLD) received from 38
2024/11/21 22:53:00 [notice] 1#1: worker process 38 exited with code 0
2024/11/21 22:53:00 [notice] 1#1: signal 29 (SIGIO) received
2024/11/21 22:53:00 [notice] 1#1: signal 17 (SIGCHLD) received from 32
2024/11/21 22:53:00 [notice] 1#1: worker process 32 exited with code 0
2024/11/21 22:53:00 [notice] 1#1: signal 29 (SIGIO) received
2024/11/21 22:53:00 [notice] 1#1: signal 17 (SIGCHLD) received from 39
2024/11/21 22:53:00 [notice] 1#1: worker process 39 exited with code 0
2024/11/21 22:53:00 [notice] 1#1: exit
2024/11/21 22:53:18 [notice] 1#1: using the "epoll" event method
2024/11/21 22:53:18 [notice] 1#1: nginx/1.27.2
2024/11/21 22:53:18 [notice] 1#1: built by gcc 12.2.0 (Debian 12.2.0-14) 
2024/11/21 22:53:18 [notice] 1#1: OS: Linux 6.8.0-48-generic
2024/11/21 22:53:18 [notice] 1#1: getrlimit(RLIMIT_NOFILE): 1048576:1048576
2024/11/21 22:53:18 [notice] 1#1: start worker processes
2024/11/21 22:53:18 [notice] 1#1: start worker process 28
2024/11/21 22:53:18 [notice] 1#1: start worker process 29
2024/11/21 22:53:18 [notice] 1#1: start worker process 30
2024/11/21 22:53:18 [notice] 1#1: start worker process 31
2024/11/21 22:53:18 [notice] 1#1: start worker process 32
2024/11/21 22:53:18 [notice] 1#1: start worker process 33
2024/11/21 22:53:18 [notice] 1#1: start worker process 34
2024/11/21 22:53:18 [notice] 1#1: start worker process 35
2024/11/21 22:53:18 [notice] 1#1: start worker process 36
2024/11/21 22:53:18 [notice] 1#1: start worker process 37
2024/11/21 22:53:18 [notice] 1#1: start worker process 38
2024/11/21 22:53:18 [notice] 1#1: start worker process 39
2024/11/21 22:53:43 [notice] 1#1: signal 3 (SIGQUIT) received, shutting down
2024/11/21 22:53:43 [notice] 29#29: gracefully shutting down
2024/11/21 22:53:43 [notice] 28#28: gracefully shutting down
2024/11/21 22:53:43 [notice] 29#29: exiting
2024/11/21 22:53:43 [notice] 31#31: gracefully shutting down
2024/11/21 22:53:43 [notice] 32#32: gracefully shutting down
2024/11/21 22:53:43 [notice] 36#36: gracefully shutting down
2024/11/21 22:53:43 [notice] 28#28: exiting
2024/11/21 22:53:43 [notice] 33#33: gracefully shutting down
2024/11/21 22:53:43 [notice] 30#30: gracefully shutting down
2024/11/21 22:53:43 [notice] 31#31: exiting
2024/11/21 22:53:43 [notice] 39#39: gracefully shutting down
2024/11/21 22:53:43 [notice] 32#32: exiting
2024/11/21 22:53:43 [notice] 29#29: exit
2024/11/21 22:53:43 [notice] 36#36: exiting
2024/11/21 22:53:43 [notice] 33#33: exiting
2024/11/21 22:53:43 [notice] 34#34: gracefully shutting down
2024/11/21 22:53:43 [notice] 30#30: exiting
2024/11/21 22:53:43 [notice] 39#39: exiting
2024/11/21 22:53:43 [notice] 28#28: exit
2024/11/21 22:53:43 [notice] 31#31: exit
2024/11/21 22:53:43 [notice] 32#32: exit
2024/11/21 22:53:43 [notice] 34#34: exiting
2024/11/21 22:53:43 [notice] 36#36: exit
2024/11/21 22:53:43 [notice] 33#33: exit
2024/11/21 22:53:43 [notice] 39#39: exit
2024/11/21 22:53:43 [notice] 30#30: exit
2024/11/21 22:53:43 [notice] 34#34: exit
2024/11/21 22:53:43 [notice] 35#35: gracefully shutting down
2024/11/21 22:53:43 [notice] 35#35: exiting
2024/11/21 22:53:43 [notice] 35#35: exit
2024/11/21 22:53:43 [notice] 37#37: gracefully shutting down
2024/11/21 22:53:43 [notice] 38#38: gracefully shutting down
2024/11/21 22:53:43 [notice] 37#37: exiting
2024/11/21 22:53:43 [notice] 38#38: exiting
2024/11/21 22:53:43 [notice] 37#37: exit
2024/11/21 22:53:43 [notice] 38#38: exit
2024/11/21 22:53:43 [notice] 1#1: signal 17 (SIGCHLD) received from 29
2024/11/21 22:53:43 [notice] 1#1: worker process 29 exited with code 0
2024/11/21 22:53:43 [notice] 1#1: signal 29 (SIGIO) received
2024/11/21 22:53:43 [notice] 1#1: signal 17 (SIGCHLD) received from 28
2024/11/21 22:53:43 [notice] 1#1: worker process 28 exited with code 0
2024/11/21 22:53:43 [notice] 1#1: worker process 31 exited with code 0
2024/11/21 22:53:43 [notice] 1#1: worker process 34 exited with code 0
2024/11/21 22:53:43 [notice] 1#1: worker process 36 exited with code 0
2024/11/21 22:53:43 [notice] 1#1: worker process 38 exited with code 0
2024/11/21 22:53:43 [notice] 1#1: signal 29 (SIGIO) received
2024/11/21 22:53:43 [notice] 1#1: signal 17 (SIGCHLD) received from 31
2024/11/21 22:53:43 [notice] 1#1: signal 17 (SIGCHLD) received from 32
2024/11/21 22:53:43 [notice] 1#1: worker process 30 exited with code 0
2024/11/21 22:53:43 [notice] 1#1: worker process 32 exited with code 0
2024/11/21 22:53:43 [notice] 1#1: signal 29 (SIGIO) received
2024/11/21 22:53:43 [notice] 1#1: signal 17 (SIGCHLD) received from 35
2024/11/21 22:53:43 [notice] 1#1: worker process 35 exited with code 0
2024/11/21 22:53:43 [notice] 1#1: signal 29 (SIGIO) received
2024/11/21 22:53:43 [notice] 1#1: signal 17 (SIGCHLD) received from 39
2024/11/21 22:53:43 [notice] 1#1: worker process 39 exited with code 0
2024/11/21 22:53:43 [notice] 1#1: signal 29 (SIGIO) received
2024/11/21 22:53:43 [notice] 1#1: signal 17 (SIGCHLD) received from 33
2024/11/21 22:53:43 [notice] 1#1: worker process 33 exited with code 0
2024/11/21 22:53:43 [notice] 1#1: signal 17 (SIGCHLD) received from 37
2024/11/21 22:53:43 [notice] 1#1: worker process 37 exited with code 0
2024/11/21 22:53:43 [notice] 1#1: exit
2024/11/21 22:55:18 [notice] 1#1: using the "epoll" event method
2024/11/21 22:55:18 [notice] 1#1: nginx/1.27.2
2024/11/21 22:55:18 [notice] 1#1: built by gcc 12.2.0 (Debian 12.2.0-14) 
2024/11/21 22:55:18 [notice] 1#1: OS: Linux 6.8.0-48-generic
2024/11/21 22:55:18 [notice] 1#1: getrlimit(RLIMIT_NOFILE): 1048576:1048576
2024/11/21 22:55:18 [notice] 1#1: start worker processes
2024/11/21 22:55:18 [notice] 1#1: start worker process 28
2024/11/21 22:55:18 [notice] 1#1: start worker process 29
2024/11/21 22:55:18 [notice] 1#1: start worker process 30
2024/11/21 22:55:18 [notice] 1#1: start worker process 31
2024/11/21 22:55:18 [notice] 1#1: start worker process 32
2024/11/21 22:55:18 [notice] 1#1: start worker process 33
2024/11/21 22:55:18 [notice] 1#1: start worker process 34
2024/11/21 22:55:18 [notice] 1#1: start worker process 35
2024/11/21 22:55:18 [notice] 1#1: start worker process 36
2024/11/21 22:55:18 [notice] 1#1: start worker process 37
2024/11/21 22:55:18 [notice] 1#1: start worker process 38
2024/11/21 22:55:18 [notice] 1#1: start worker process 39
2024/11/21 22:56:31 [notice] 1#1: signal 3 (SIGQUIT) received, shutting down
2024/11/21 22:56:31 [notice] 28#28: gracefully shutting down
2024/11/21 22:56:31 [notice] 29#29: gracefully shutting down
2024/11/21 22:56:31 [notice] 32#32: gracefully shutting down
2024/11/21 22:56:31 [notice] 36#36: gracefully shutting down
2024/11/21 22:56:31 [notice] 28#28: exiting
2024/11/21 22:56:31 [notice] 31#31: gracefully shutting down
2024/11/21 22:56:31 [notice] 33#33: gracefully shutting down
2024/11/21 22:56:31 [notice] 29#29: exiting
2024/11/21 22:56:31 [notice] 32#32: exiting
2024/11/21 22:56:31 [notice] 30#30: gracefully shutting down
2024/11/21 22:56:31 [notice] 39#39: gracefully shutting down
2024/11/21 22:56:31 [notice] 36#36: exiting
2024/11/21 22:56:31 [notice] 31#31: exiting
2024/11/21 22:56:31 [notice] 33#33: exiting
2024/11/21 22:56:31 [notice] 28#28: exit
2024/11/21 22:56:31 [notice] 29#29: exit
2024/11/21 22:56:31 [notice] 32#32: exit
2024/11/21 22:56:31 [notice] 30#30: exiting
2024/11/21 22:56:31 [notice] 39#39: exiting
2024/11/21 22:56:31 [notice] 36#36: exit
2024/11/21 22:56:31 [notice] 33#33: exit
2024/11/21 22:56:31 [notice] 31#31: exit
2024/11/21 22:56:31 [notice] 39#39: exit
2024/11/21 22:56:31 [notice] 30#30: exit
2024/11/21 22:56:31 [notice] 35#35: gracefully shutting down
2024/11/21 22:56:31 [notice] 35#35: exiting
2024/11/21 22:56:31 [notice] 34#34: gracefully shutting down
2024/11/21 22:56:31 [notice] 34#34: exiting
2024/11/21 22:56:31 [notice] 35#35: exit
2024/11/21 22:56:31 [notice] 34#34: exit
2024/11/21 22:56:31 [notice] 38#38: gracefully shutting down
2024/11/21 22:56:31 [notice] 37#37: gracefully shutting down
2024/11/21 22:56:31 [notice] 38#38: exiting
2024/11/21 22:56:31 [notice] 37#37: exiting
2024/11/21 22:56:31 [notice] 38#38: exit
2024/11/21 22:56:31 [notice] 37#37: exit
2024/11/21 22:56:31 [notice] 1#1: signal 17 (SIGCHLD) received from 38
2024/11/21 22:56:31 [notice] 1#1: worker process 38 exited with code 0
2024/11/21 22:56:31 [notice] 1#1: signal 29 (SIGIO) received
2024/11/21 22:56:31 [notice] 1#1: signal 17 (SIGCHLD) received from 32
2024/11/21 22:56:31 [notice] 1#1: worker process 32 exited with code 0
2024/11/21 22:56:31 [notice] 1#1: signal 29 (SIGIO) received
2024/11/21 22:56:31 [notice] 1#1: signal 17 (SIGCHLD) received from 29
2024/11/21 22:56:31 [notice] 1#1: worker process 29 exited with code 0
2024/11/21 22:56:31 [notice] 1#1: worker process 33 exited with code 0
2024/11/21 22:56:31 [notice] 1#1: worker process 37 exited with code 0
2024/11/21 22:56:31 [notice] 1#1: signal 29 (SIGIO) received
2024/11/21 22:56:31 [notice] 1#1: signal 17 (SIGCHLD) received from 36
2024/11/21 22:56:31 [notice] 1#1: worker process 36 exited with code 0
2024/11/21 22:56:31 [notice] 1#1: signal 29 (SIGIO) received
2024/11/21 22:56:31 [notice] 1#1: signal 17 (SIGCHLD) received from 28
2024/11/21 22:56:31 [notice] 1#1: worker process 28 exited with code 0
2024/11/21 22:56:31 [notice] 1#1: worker process 39 exited with code 0
2024/11/21 22:56:31 [notice] 1#1: signal 29 (SIGIO) received
2024/11/21 22:56:31 [notice] 1#1: signal 17 (SIGCHLD) received from 35
2024/11/21 22:56:31 [notice] 1#1: worker process 35 exited with code 0
2024/11/21 22:56:31 [notice] 1#1: worker process 30 exited with code 0
2024/11/21 22:56:31 [notice] 1#1: worker process 31 exited with code 0
2024/11/21 22:56:31 [notice] 1#1: signal 29 (SIGIO) received
2024/11/21 22:56:31 [notice] 1#1: signal 17 (SIGCHLD) received from 30
2024/11/21 22:56:31 [notice] 1#1: signal 17 (SIGCHLD) received from 34
2024/11/21 22:56:31 [notice] 1#1: worker process 34 exited with code 0
2024/11/21 22:56:31 [notice] 1#1: exit
2024/11/21 22:56:32 [notice] 1#1: using the "epoll" event method
2024/11/21 22:56:32 [notice] 1#1: nginx/1.27.2
2024/11/21 22:56:32 [notice] 1#1: built by gcc 12.2.0 (Debian 12.2.0-14) 
2024/11/21 22:56:32 [notice] 1#1: OS: Linux 6.8.0-48-generic
2024/11/21 22:56:32 [notice] 1#1: getrlimit(RLIMIT_NOFILE): 1048576:1048576
2024/11/21 22:56:32 [notice] 1#1: start worker processes
2024/11/21 22:56:32 [notice] 1#1: start worker process 28
2024/11/21 22:56:32 [notice] 1#1: start worker process 29
2024/11/21 22:56:32 [notice] 1#1: start worker process 30
2024/11/21 22:56:32 [notice] 1#1: start worker process 31
2024/11/21 22:56:32 [notice] 1#1: start worker process 32
2024/11/21 22:56:32 [notice] 1#1: start worker process 33
2024/11/21 22:56:32 [notice] 1#1: start worker process 34
2024/11/21 22:56:32 [notice] 1#1: start worker process 35
2024/11/21 22:56:32 [notice] 1#1: start worker process 36
2024/11/21 22:56:32 [notice] 1#1: start worker process 37
2024/11/21 22:56:32 [notice] 1#1: start worker process 38
2024/11/21 22:56:32 [notice] 1#1: start worker process 39
2024/11/21 23:03:08 [notice] 1#1: signal 3 (SIGQUIT) received, shutting down
2024/11/21 23:03:08 [notice] 30#30: gracefully shutting down
2024/11/21 23:03:08 [notice] 31#31: gracefully shutting down
2024/11/21 23:03:08 [notice] 28#28: gracefully shutting down
2024/11/21 23:03:08 [notice] 32#32: gracefully shutting down
2024/11/21 23:03:08 [notice] 30#30: exiting
2024/11/21 23:03:08 [notice] 35#35: gracefully shutting down
2024/11/21 23:03:08 [notice] 34#34: gracefully shutting down
2024/11/21 23:03:08 [notice] 31#31: exiting
2024/11/21 23:03:08 [notice] 28#28: exiting
2024/11/21 23:03:08 [notice] 29#29: gracefully shutting down
2024/11/21 23:03:08 [notice] 32#32: exiting
2024/11/21 23:03:08 [notice] 35#35: exiting
2024/11/21 23:03:08 [notice] 29#29: exiting
2024/11/21 23:03:08 [notice] 34#34: exiting
2024/11/21 23:03:08 [notice] 30#30: exit
2024/11/21 23:03:08 [notice] 31#31: exit
2024/11/21 23:03:08 [notice] 28#28: exit
2024/11/21 23:03:08 [notice] 35#35: exit
2024/11/21 23:03:08 [notice] 34#34: exit
2024/11/21 23:03:08 [notice] 32#32: exit
2024/11/21 23:03:08 [notice] 29#29: exit
2024/11/21 23:03:08 [notice] 37#37: gracefully shutting down
2024/11/21 23:03:08 [notice] 37#37: exiting
2024/11/21 23:03:08 [notice] 37#37: exit
2024/11/21 23:03:08 [notice] 39#39: gracefully shutting down
2024/11/21 23:03:08 [notice] 39#39: exiting
2024/11/21 23:03:08 [notice] 36#36: gracefully shutting down
2024/11/21 23:03:08 [notice] 39#39: exit
2024/11/21 23:03:08 [notice] 38#38: gracefully shutting down
2024/11/21 23:03:08 [notice] 36#36: exiting
2024/11/21 23:03:08 [notice] 38#38: exiting
2024/11/21 23:03:08 [notice] 36#36: exit
2024/11/21 23:03:08 [notice] 33#33: gracefully shutting down
2024/11/21 23:03:08 [notice] 38#38: exit
2024/11/21 23:03:08 [notice] 33#33: exiting
2024/11/21 23:03:08 [notice] 33#33: exit
2024/11/21 23:03:08 [notice] 1#1: signal 17 (SIGCHLD) received from 30
2024/11/21 23:03:08 [notice] 1#1: worker process 30 exited with code 0
2024/11/21 23:03:08 [notice] 1#1: worker process 38 exited with code 0
2024/11/21 23:03:08 [notice] 1#1: signal 29 (SIGIO) received
2024/11/21 23:03:08 [notice] 1#1: signal 17 (SIGCHLD) received from 38
2024/11/21 23:03:08 [notice] 1#1: signal 17 (SIGCHLD) received from 32
2024/11/21 23:03:08 [notice] 1#1: worker process 28 exited with code 0
2024/11/21 23:03:08 [notice] 1#1: worker process 32 exited with code 0
2024/11/21 23:03:08 [notice] 1#1: worker process 33 exited with code 0
2024/11/21 23:03:08 [notice] 1#1: worker process 35 exited with code 0
2024/11/21 23:03:08 [notice] 1#1: signal 29 (SIGIO) received
2024/11/21 23:03:08 [notice] 1#1: signal 17 (SIGCHLD) received from 28
2024/11/21 23:03:08 [notice] 1#1: signal 17 (SIGCHLD) received from 37
2024/11/21 23:03:08 [notice] 1#1: worker process 37 exited with code 0
2024/11/21 23:03:08 [notice] 1#1: signal 29 (SIGIO) received
2024/11/21 23:03:08 [notice] 1#1: signal 17 (SIGCHLD) received from 39
2024/11/21 23:03:08 [notice] 1#1: worker process 39 exited with code 0
2024/11/21 23:03:08 [notice] 1#1: signal 29 (SIGIO) received
2024/11/21 23:03:08 [notice] 1#1: signal 17 (SIGCHLD) received from 29
2024/11/21 23:03:08 [notice] 1#1: worker process 29 exited with code 0
2024/11/21 23:03:08 [notice] 1#1: worker process 34 exited with code 0
2024/11/21 23:03:08 [notice] 1#1: worker process 36 exited with code 0
2024/11/21 23:03:08 [notice] 1#1: worker process 31 exited with code 0
2024/11/21 23:03:08 [notice] 1#1: exit
2024/11/21 23:03:08 [notice] 1#1: using the "epoll" event method
2024/11/21 23:03:08 [notice] 1#1: nginx/1.27.2
2024/11/21 23:03:08 [notice] 1#1: built by gcc 12.2.0 (Debian 12.2.0-14) 
2024/11/21 23:03:08 [notice] 1#1: OS: Linux 6.8.0-48-generic
2024/11/21 23:03:08 [notice] 1#1: getrlimit(RLIMIT_NOFILE): 1048576:1048576
2024/11/21 23:03:08 [notice] 1#1: start worker processes
2024/11/21 23:03:08 [notice] 1#1: start worker process 28
2024/11/21 23:03:08 [notice] 1#1: start worker process 29
2024/11/21 23:03:08 [notice] 1#1: start worker process 30
2024/11/21 23:03:08 [notice] 1#1: start worker process 31
2024/11/21 23:03:08 [notice] 1#1: start worker process 32
2024/11/21 23:03:08 [notice] 1#1: start worker process 33
2024/11/21 23:03:08 [notice] 1#1: start worker process 34
2024/11/21 23:03:08 [notice] 1#1: start worker process 35
2024/11/21 23:03:08 [notice] 1#1: start worker process 36
2024/11/21 23:03:08 [notice] 1#1: start worker process 37
2024/11/21 23:03:08 [notice] 1#1: start worker process 38
2024/11/21 23:03:08 [notice] 1#1: start worker process 39
2024/11/21 23:05:11 [notice] 1#1: signal 3 (SIGQUIT) received, shutting down
2024/11/21 23:05:11 [notice] 29#29: gracefully shutting down
2024/11/21 23:05:11 [notice] 28#28: gracefully shutting down
2024/11/21 23:05:11 [notice] 30#30: gracefully shutting down
2024/11/21 23:05:11 [notice] 31#31: gracefully shutting down
2024/11/21 23:05:11 [notice] 32#32: gracefully shutting down
2024/11/21 23:05:11 [notice] 33#33: gracefully shutting down
2024/11/21 23:05:11 [notice] 36#36: gracefully shutting down
2024/11/21 23:05:11 [notice] 34#34: gracefully shutting down
2024/11/21 23:05:11 [notice] 29#29: exiting
2024/11/21 23:05:11 [notice] 28#28: exiting
2024/11/21 23:05:11 [notice] 30#30: exiting
2024/11/21 23:05:11 [notice] 31#31: exiting
2024/11/21 23:05:11 [notice] 32#32: exiting
2024/11/21 23:05:11 [notice] 33#33: exiting
2024/11/21 23:05:11 [notice] 36#36: exiting
2024/11/21 23:05:11 [notice] 34#34: exiting
2024/11/21 23:05:11 [notice] 30#30: exit
2024/11/21 23:05:11 [notice] 29#29: exit
2024/11/21 23:05:11 [notice] 28#28: exit
2024/11/21 23:05:11 [notice] 31#31: exit
2024/11/21 23:05:11 [notice] 32#32: exit
2024/11/21 23:05:11 [notice] 36#36: exit
2024/11/21 23:05:11 [notice] 34#34: exit
2024/11/21 23:05:11 [notice] 33#33: exit
2024/11/21 23:05:11 [notice] 37#37: gracefully shutting down
2024/11/21 23:05:11 [notice] 38#38: gracefully shutting down
2024/11/21 23:05:11 [notice] 37#37: exiting
2024/11/21 23:05:11 [notice] 38#38: exiting
2024/11/21 23:05:11 [notice] 39#39: gracefully shutting down
2024/11/21 23:05:11 [notice] 38#38: exit
2024/11/21 23:05:11 [notice] 37#37: exit
2024/11/21 23:05:11 [notice] 39#39: exiting
2024/11/21 23:05:11 [notice] 35#35: gracefully shutting down
2024/11/21 23:05:11 [notice] 39#39: exit
2024/11/21 23:05:11 [notice] 35#35: exiting
2024/11/21 23:05:11 [notice] 35#35: exit
2024/11/21 23:05:11 [notice] 1#1: signal 17 (SIGCHLD) received from 35
2024/11/21 23:05:11 [notice] 1#1: worker process 35 exited with code 0
2024/11/21 23:05:11 [notice] 1#1: signal 29 (SIGIO) received
2024/11/21 23:05:11 [notice] 1#1: signal 17 (SIGCHLD) received from 32
2024/11/21 23:05:11 [notice] 1#1: worker process 32 exited with code 0
2024/11/21 23:05:11 [notice] 1#1: worker process 38 exited with code 0
2024/11/21 23:05:11 [notice] 1#1: signal 29 (SIGIO) received
2024/11/21 23:05:11 [notice] 1#1: signal 17 (SIGCHLD) received from 28
2024/11/21 23:05:11 [notice] 1#1: worker process 28 exited with code 0
2024/11/21 23:05:11 [notice] 1#1: signal 29 (SIGIO) received
2024/11/21 23:05:11 [notice] 1#1: signal 17 (SIGCHLD) received from 29
2024/11/21 23:05:11 [notice] 1#1: worker process 29 exited with code 0
2024/11/21 23:05:11 [notice] 1#1: worker process 39 exited with code 0
2024/11/21 23:05:11 [notice] 1#1: worker process 33 exited with code 0
2024/11/21 23:05:11 [notice] 1#1: worker process 37 exited with code 0
2024/11/21 23:05:11 [notice] 1#1: signal 29 (SIGIO) received
2024/11/21 23:05:11 [notice] 1#1: signal 17 (SIGCHLD) received from 39
2024/11/21 23:05:11 [notice] 1#1: signal 17 (SIGCHLD) received from 31
2024/11/21 23:05:11 [notice] 1#1: worker process 31 exited with code 0
2024/11/21 23:05:11 [notice] 1#1: signal 29 (SIGIO) received
2024/11/21 23:05:11 [notice] 1#1: signal 17 (SIGCHLD) received from 36
2024/11/21 23:05:11 [notice] 1#1: worker process 36 exited with code 0
2024/11/21 23:05:11 [notice] 1#1: signal 29 (SIGIO) received
2024/11/21 23:05:11 [notice] 1#1: signal 17 (SIGCHLD) received from 34
2024/11/21 23:05:11 [notice] 1#1: worker process 34 exited with code 0
2024/11/21 23:05:11 [notice] 1#1: signal 29 (SIGIO) received
2024/11/21 23:05:11 [notice] 1#1: signal 17 (SIGCHLD) received from 30
2024/11/21 23:05:11 [notice] 1#1: worker process 30 exited with code 0
2024/11/21 23:05:11 [notice] 1#1: exit
2024/11/21 23:05:39 [notice] 1#1: using the "epoll" event method
2024/11/21 23:05:39 [notice] 1#1: nginx/1.27.2
2024/11/21 23:05:39 [notice] 1#1: built by gcc 12.2.0 (Debian 12.2.0-14) 
2024/11/21 23:05:39 [notice] 1#1: OS: Linux 6.8.0-48-generic
2024/11/21 23:05:39 [notice] 1#1: getrlimit(RLIMIT_NOFILE): 1048576:1048576
2024/11/21 23:05:39 [notice] 1#1: start worker processes
2024/11/21 23:05:39 [notice] 1#1: start worker process 28
2024/11/21 23:05:39 [notice] 1#1: start worker process 29
2024/11/21 23:05:39 [notice] 1#1: start worker process 30
2024/11/21 23:05:39 [notice] 1#1: start worker process 31
2024/11/21 23:05:39 [notice] 1#1: start worker process 32
2024/11/21 23:05:39 [notice] 1#1: start worker process 33
2024/11/21 23:05:39 [notice] 1#1: start worker process 34
2024/11/21 23:05:39 [notice] 1#1: start worker process 35
2024/11/21 23:05:39 [notice] 1#1: start worker process 36
2024/11/21 23:05:39 [notice] 1#1: start worker process 37
2024/11/21 23:05:39 [notice] 1#1: start worker process 38
2024/11/21 23:05:39 [notice] 1#1: start worker process 39
2024/11/21 23:08:24 [notice] 1#1: signal 3 (SIGQUIT) received, shutting down
2024/11/21 23:08:24 [notice] 28#28: gracefully shutting down
2024/11/21 23:08:24 [notice] 30#30: gracefully shutting down
2024/11/21 23:08:24 [notice] 34#34: gracefully shutting down
2024/11/21 23:08:24 [notice] 28#28: exiting
2024/11/21 23:08:24 [notice] 33#33: gracefully shutting down
2024/11/21 23:08:24 [notice] 30#30: exiting
2024/11/21 23:08:24 [notice] 35#35: gracefully shutting down
2024/11/21 23:08:24 [notice] 29#29: gracefully shutting down
2024/11/21 23:08:24 [notice] 31#31: gracefully shutting down
2024/11/21 23:08:24 [notice] 32#32: gracefully shutting down
2024/11/21 23:08:24 [notice] 34#34: exiting
2024/11/21 23:08:24 [notice] 33#33: exiting
2024/11/21 23:08:24 [notice] 35#35: exiting
2024/11/21 23:08:24 [notice] 28#28: exit
2024/11/21 23:08:24 [notice] 29#29: exiting
2024/11/21 23:08:24 [notice] 30#30: exit
2024/11/21 23:08:24 [notice] 31#31: exiting
2024/11/21 23:08:24 [notice] 32#32: exiting
2024/11/21 23:08:24 [notice] 34#34: exit
2024/11/21 23:08:24 [notice] 33#33: exit
2024/11/21 23:08:24 [notice] 35#35: exit
2024/11/21 23:08:24 [notice] 29#29: exit
2024/11/21 23:08:24 [notice] 32#32: exit
2024/11/21 23:08:24 [notice] 31#31: exit
2024/11/21 23:08:24 [notice] 36#36: gracefully shutting down
2024/11/21 23:08:24 [notice] 36#36: exiting
2024/11/21 23:08:24 [notice] 37#37: gracefully shutting down
2024/11/21 23:08:24 [notice] 36#36: exit
2024/11/21 23:08:24 [notice] 37#37: exiting
2024/11/21 23:08:24 [notice] 37#37: exit
2024/11/21 23:08:24 [notice] 39#39: gracefully shutting down
2024/11/21 23:08:24 [notice] 39#39: exiting
2024/11/21 23:08:24 [notice] 38#38: gracefully shutting down
2024/11/21 23:08:24 [notice] 39#39: exit
2024/11/21 23:08:24 [notice] 38#38: exiting
2024/11/21 23:08:24 [notice] 38#38: exit
2024/11/21 23:08:24 [notice] 1#1: signal 17 (SIGCHLD) received from 35
2024/11/21 23:08:24 [notice] 1#1: worker process 35 exited with code 0
2024/11/21 23:08:24 [notice] 1#1: signal 29 (SIGIO) received
2024/11/21 23:08:24 [notice] 1#1: signal 17 (SIGCHLD) received from 34
2024/11/21 23:08:24 [notice] 1#1: worker process 29 exited with code 0
2024/11/21 23:08:24 [notice] 1#1: worker process 30 exited with code 0
2024/11/21 23:08:24 [notice] 1#1: worker process 28 exited with code 0
2024/11/21 23:08:24 [notice] 1#1: worker process 32 exited with code 0
2024/11/21 23:08:24 [notice] 1#1: worker process 34 exited with code 0
2024/11/21 23:08:24 [notice] 1#1: worker process 36 exited with code 0
2024/11/21 23:08:24 [notice] 1#1: worker process 37 exited with code 0
2024/11/21 23:08:24 [notice] 1#1: signal 29 (SIGIO) received
2024/11/21 23:08:24 [notice] 1#1: signal 17 (SIGCHLD) received from 30
2024/11/21 23:08:24 [notice] 1#1: worker process 38 exited with code 0
2024/11/21 23:08:24 [notice] 1#1: signal 29 (SIGIO) received
2024/11/21 23:08:24 [notice] 1#1: signal 17 (SIGCHLD) received from 33
2024/11/21 23:08:24 [notice] 1#1: worker process 33 exited with code 0
2024/11/21 23:08:24 [notice] 1#1: signal 29 (SIGIO) received
2024/11/21 23:08:24 [notice] 1#1: signal 17 (SIGCHLD) received from 31
2024/11/21 23:08:24 [notice] 1#1: worker process 31 exited with code 0
2024/11/21 23:08:24 [notice] 1#1: signal 29 (SIGIO) received
2024/11/21 23:08:24 [notice] 1#1: signal 17 (SIGCHLD) received from 39
2024/11/21 23:08:24 [notice] 1#1: worker process 39 exited with code 0
2024/11/21 23:08:24 [notice] 1#1: exit
2024/11/21 23:10:04 [notice] 1#1: using the "epoll" event method
2024/11/21 23:10:04 [notice] 1#1: nginx/1.27.2
2024/11/21 23:10:04 [notice] 1#1: built by gcc 12.2.0 (Debian 12.2.0-14) 
2024/11/21 23:10:04 [notice] 1#1: OS: Linux 6.8.0-48-generic
2024/11/21 23:10:04 [notice] 1#1: getrlimit(RLIMIT_NOFILE): 1048576:1048576
2024/11/21 23:10:04 [notice] 1#1: start worker processes
2024/11/21 23:10:04 [notice] 1#1: start worker process 28
2024/11/21 23:10:04 [notice] 1#1: start worker process 29
2024/11/21 23:10:04 [notice] 1#1: start worker process 30
2024/11/21 23:10:04 [notice] 1#1: start worker process 31
2024/11/21 23:10:04 [notice] 1#1: start worker process 32
2024/11/21 23:10:04 [notice] 1#1: start worker process 33
2024/11/21 23:10:04 [notice] 1#1: start worker process 34
2024/11/21 23:10:04 [notice] 1#1: start worker process 35
2024/11/21 23:10:04 [notice] 1#1: start worker process 36
2024/11/21 23:10:04 [notice] 1#1: start worker process 37
2024/11/21 23:10:04 [notice] 1#1: start worker process 38
2024/11/21 23:10:04 [notice] 1#1: start worker process 39
2024/11/21 23:16:06 [notice] 1#1: signal 3 (SIGQUIT) received, shutting down
2024/11/21 23:16:06 [notice] 29#29: gracefully shutting down
2024/11/21 23:16:06 [notice] 28#28: gracefully shutting down
2024/11/21 23:16:06 [notice] 30#30: gracefully shutting down
2024/11/21 23:16:06 [notice] 29#29: exiting
2024/11/21 23:16:06 [notice] 32#32: gracefully shutting down
2024/11/21 23:16:06 [notice] 33#33: gracefully shutting down
2024/11/21 23:16:06 [notice] 28#28: exiting
2024/11/21 23:16:06 [notice] 38#38: gracefully shutting down
2024/11/21 23:16:06 [notice] 36#36: gracefully shutting down
2024/11/21 23:16:06 [notice] 30#30: exiting
2024/11/21 23:16:06 [notice] 37#37: gracefully shutting down
2024/11/21 23:16:06 [notice] 32#32: exiting
2024/11/21 23:16:06 [notice] 33#33: exiting
2024/11/21 23:16:06 [notice] 29#29: exit
2024/11/21 23:16:06 [notice] 38#38: exiting
2024/11/21 23:16:06 [notice] 28#28: exit
2024/11/21 23:16:06 [notice] 36#36: exiting
2024/11/21 23:16:06 [notice] 37#37: exiting
2024/11/21 23:16:06 [notice] 30#30: exit
2024/11/21 23:16:06 [notice] 33#33: exit
2024/11/21 23:16:06 [notice] 38#38: exit
2024/11/21 23:16:06 [notice] 36#36: exit
2024/11/21 23:16:06 [notice] 32#32: exit
2024/11/21 23:16:06 [notice] 37#37: exit
2024/11/21 23:16:06 [notice] 31#31: gracefully shutting down
2024/11/21 23:16:06 [notice] 31#31: exiting
2024/11/21 23:16:06 [notice] 31#31: exit
2024/11/21 23:16:06 [notice] 35#35: gracefully shutting down
2024/11/21 23:16:06 [notice] 39#39: gracefully shutting down
2024/11/21 23:16:06 [notice] 35#35: exiting
2024/11/21 23:16:06 [notice] 34#34: gracefully shutting down
2024/11/21 23:16:06 [notice] 39#39: exiting
2024/11/21 23:16:06 [notice] 34#34: exiting
2024/11/21 23:16:06 [notice] 35#35: exit
2024/11/21 23:16:06 [notice] 34#34: exit
2024/11/21 23:16:06 [notice] 39#39: exit
2024/11/21 23:16:06 [notice] 1#1: signal 17 (SIGCHLD) received from 32
2024/11/21 23:16:06 [notice] 1#1: worker process 32 exited with code 0
2024/11/21 23:16:06 [notice] 1#1: signal 29 (SIGIO) received
2024/11/21 23:16:06 [notice] 1#1: signal 17 (SIGCHLD) received from 36
2024/11/21 23:16:06 [notice] 1#1: worker process 35 exited with code 0
2024/11/21 23:16:06 [notice] 1#1: worker process 36 exited with code 0
2024/11/21 23:16:06 [notice] 1#1: worker process 28 exited with code 0
2024/11/21 23:16:06 [notice] 1#1: worker process 29 exited with code 0
2024/11/21 23:16:06 [notice] 1#1: signal 29 (SIGIO) received
2024/11/21 23:16:06 [notice] 1#1: signal 17 (SIGCHLD) received from 35
2024/11/21 23:16:06 [notice] 1#1: signal 17 (SIGCHLD) received from 31
2024/11/21 23:16:06 [notice] 1#1: worker process 31 exited with code 0
2024/11/21 23:16:06 [notice] 1#1: signal 29 (SIGIO) received
2024/11/21 23:16:06 [notice] 1#1: signal 17 (SIGCHLD) received from 34
2024/11/21 23:16:06 [notice] 1#1: worker process 33 exited with code 0
2024/11/21 23:16:06 [notice] 1#1: worker process 34 exited with code 0
2024/11/21 23:16:06 [notice] 1#1: signal 29 (SIGIO) received
2024/11/21 23:16:06 [notice] 1#1: signal 17 (SIGCHLD) received from 30
2024/11/21 23:16:06 [notice] 1#1: worker process 30 exited with code 0
2024/11/21 23:16:06 [notice] 1#1: worker process 38 exited with code 0
2024/11/21 23:16:06 [notice] 1#1: worker process 39 exited with code 0
2024/11/21 23:16:06 [notice] 1#1: signal 29 (SIGIO) received
2024/11/21 23:16:06 [notice] 1#1: signal 17 (SIGCHLD) received from 39
2024/11/21 23:16:06 [notice] 1#1: signal 17 (SIGCHLD) received from 37
2024/11/21 23:16:06 [notice] 1#1: worker process 37 exited with code 0
2024/11/21 23:16:06 [notice] 1#1: exit
2024/11/21 23:16:37 [notice] 1#1: using the "epoll" event method
2024/11/21 23:16:37 [notice] 1#1: nginx/1.27.2
2024/11/21 23:16:37 [notice] 1#1: built by gcc 12.2.0 (Debian 12.2.0-14) 
2024/11/21 23:16:37 [notice] 1#1: OS: Linux 6.8.0-48-generic
2024/11/21 23:16:37 [notice] 1#1: getrlimit(RLIMIT_NOFILE): 1048576:1048576
2024/11/21 23:16:37 [notice] 1#1: start worker processes
2024/11/21 23:16:37 [notice] 1#1: start worker process 28
2024/11/21 23:16:37 [notice] 1#1: start worker process 29
2024/11/21 23:16:37 [notice] 1#1: start worker process 30
2024/11/21 23:16:37 [notice] 1#1: start worker process 31
2024/11/21 23:16:37 [notice] 1#1: start worker process 32
2024/11/21 23:16:37 [notice] 1#1: start worker process 33
2024/11/21 23:16:37 [notice] 1#1: start worker process 34
2024/11/21 23:16:37 [notice] 1#1: start worker process 35
2024/11/21 23:16:37 [notice] 1#1: start worker process 36
2024/11/21 23:16:37 [notice] 1#1: start worker process 37
2024/11/21 23:16:37 [notice] 1#1: start worker process 38
2024/11/21 23:16:37 [notice] 1#1: start worker process 39
2024/11/21 23:31:24 [notice] 1#1: signal 3 (SIGQUIT) received, shutting down
2024/11/21 23:31:24 [notice] 29#29: gracefully shutting down
2024/11/21 23:31:24 [notice] 28#28: gracefully shutting down
2024/11/21 23:31:24 [notice] 32#32: gracefully shutting down
2024/11/21 23:31:24 [notice] 30#30: gracefully shutting down
2024/11/21 23:31:24 [notice] 31#31: gracefully shutting down
2024/11/21 23:31:24 [notice] 29#29: exiting
2024/11/21 23:31:24 [notice] 28#28: exiting
2024/11/21 23:31:24 [notice] 33#33: gracefully shutting down
2024/11/21 23:31:24 [notice] 32#32: exiting
2024/11/21 23:31:24 [notice] 34#34: gracefully shutting down
2024/11/21 23:31:24 [notice] 30#30: exiting
2024/11/21 23:31:24 [notice] 31#31: exiting
2024/11/21 23:31:24 [notice] 33#33: exiting
2024/11/21 23:31:24 [notice] 29#29: exit
2024/11/21 23:31:24 [notice] 34#34: exiting
2024/11/21 23:31:24 [notice] 28#28: exit
2024/11/21 23:31:24 [notice] 30#30: exit
2024/11/21 23:31:24 [notice] 33#33: exit
2024/11/21 23:31:24 [notice] 32#32: exit
2024/11/21 23:31:24 [notice] 31#31: exit
2024/11/21 23:31:24 [notice] 34#34: exit
2024/11/21 23:31:24 [notice] 35#35: gracefully shutting down
2024/11/21 23:31:24 [notice] 36#36: gracefully shutting down
2024/11/21 23:31:24 [notice] 35#35: exiting
2024/11/21 23:31:24 [notice] 36#36: exiting
2024/11/21 23:31:24 [notice] 35#35: exit
2024/11/21 23:31:24 [notice] 36#36: exit
2024/11/21 23:31:24 [notice] 37#37: gracefully shutting down
2024/11/21 23:31:24 [notice] 38#38: gracefully shutting down
2024/11/21 23:31:24 [notice] 37#37: exiting
2024/11/21 23:31:24 [notice] 38#38: exiting
2024/11/21 23:31:24 [notice] 37#37: exit
2024/11/21 23:31:24 [notice] 38#38: exit
2024/11/21 23:31:24 [notice] 39#39: gracefully shutting down
2024/11/21 23:31:24 [notice] 39#39: exiting
2024/11/21 23:31:24 [notice] 39#39: exit
2024/11/21 23:31:24 [notice] 1#1: signal 17 (SIGCHLD) received from 38
2024/11/21 23:31:24 [notice] 1#1: worker process 33 exited with code 0
2024/11/21 23:31:24 [notice] 1#1: worker process 38 exited with code 0
2024/11/21 23:31:24 [notice] 1#1: worker process 28 exited with code 0
2024/11/21 23:31:24 [notice] 1#1: worker process 30 exited with code 0
2024/11/21 23:31:24 [notice] 1#1: worker process 36 exited with code 0
2024/11/21 23:31:24 [notice] 1#1: signal 29 (SIGIO) received
2024/11/21 23:31:24 [notice] 1#1: signal 17 (SIGCHLD) received from 33
2024/11/21 23:31:24 [notice] 1#1: signal 17 (SIGCHLD) received from 31
2024/11/21 23:31:24 [notice] 1#1: worker process 31 exited with code 0
2024/11/21 23:31:24 [notice] 1#1: signal 29 (SIGIO) received
2024/11/21 23:31:24 [notice] 1#1: signal 17 (SIGCHLD) received from 29
2024/11/21 23:31:24 [notice] 1#1: worker process 29 exited with code 0
2024/11/21 23:31:24 [notice] 1#1: signal 29 (SIGIO) received
2024/11/21 23:31:24 [notice] 1#1: signal 17 (SIGCHLD) received from 32
2024/11/21 23:31:24 [notice] 1#1: worker process 32 exited with code 0
2024/11/21 23:31:24 [notice] 1#1: signal 29 (SIGIO) received
2024/11/21 23:31:24 [notice] 1#1: signal 17 (SIGCHLD) received from 37
2024/11/21 23:31:24 [notice] 1#1: worker process 35 exited with code 0
2024/11/21 23:31:24 [notice] 1#1: worker process 37 exited with code 0
2024/11/21 23:31:24 [notice] 1#1: signal 29 (SIGIO) received
2024/11/21 23:31:24 [notice] 1#1: signal 17 (SIGCHLD) received from 34
2024/11/21 23:31:24 [notice] 1#1: worker process 34 exited with code 0
2024/11/21 23:31:24 [notice] 1#1: signal 29 (SIGIO) received
2024/11/21 23:31:24 [notice] 1#1: signal 17 (SIGCHLD) received from 39
2024/11/21 23:31:24 [notice] 1#1: worker process 39 exited with code 0
2024/11/21 23:31:24 [notice] 1#1: exit
2024/11/21 23:31:25 [notice] 1#1: using the "epoll" event method
2024/11/21 23:31:25 [notice] 1#1: nginx/1.27.2
2024/11/21 23:31:25 [notice] 1#1: built by gcc 12.2.0 (Debian 12.2.0-14) 
2024/11/21 23:31:25 [notice] 1#1: OS: Linux 6.8.0-48-generic
2024/11/21 23:31:25 [notice] 1#1: getrlimit(RLIMIT_NOFILE): 1048576:1048576
2024/11/21 23:31:25 [notice] 1#1: start worker processes
2024/11/21 23:31:25 [notice] 1#1: start worker process 28
2024/11/21 23:31:25 [notice] 1#1: start worker process 29
2024/11/21 23:31:25 [notice] 1#1: start worker process 30
2024/11/21 23:31:25 [notice] 1#1: start worker process 31
2024/11/21 23:31:25 [notice] 1#1: start worker process 32
2024/11/21 23:31:25 [notice] 1#1: start worker process 33
2024/11/21 23:31:25 [notice] 1#1: start worker process 34
2024/11/21 23:31:25 [notice] 1#1: start worker process 35
2024/11/21 23:31:25 [notice] 1#1: start worker process 36
2024/11/21 23:31:25 [notice] 1#1: start worker process 37
2024/11/21 23:31:25 [notice] 1#1: start worker process 38
2024/11/21 23:31:25 [notice] 1#1: start worker process 39
2024/11/21 23:47:54 [notice] 1#1: signal 3 (SIGQUIT) received, shutting down
2024/11/21 23:47:54 [notice] 29#29: gracefully shutting down
2024/11/21 23:47:54 [notice] 32#32: gracefully shutting down
2024/11/21 23:47:54 [notice] 30#30: gracefully shutting down
2024/11/21 23:47:54 [notice] 33#33: gracefully shutting down
2024/11/21 23:47:54 [notice] 34#34: gracefully shutting down
2024/11/21 23:47:54 [notice] 28#28: gracefully shutting down
2024/11/21 23:47:54 [notice] 31#31: gracefully shutting down
2024/11/21 23:47:54 [notice] 37#37: gracefully shutting down
2024/11/21 23:47:54 [notice] 35#35: gracefully shutting down
2024/11/21 23:47:54 [notice] 29#29: exiting
2024/11/21 23:47:54 [notice] 36#36: gracefully shutting down
2024/11/21 23:47:54 [notice] 32#32: exiting
2024/11/21 23:47:54 [notice] 30#30: exiting
2024/11/21 23:47:54 [notice] 33#33: exiting
2024/11/21 23:47:54 [notice] 34#34: exiting
2024/11/21 23:47:54 [notice] 28#28: exiting
2024/11/21 23:47:54 [notice] 31#31: exiting
2024/11/21 23:47:54 [notice] 37#37: exiting
2024/11/21 23:47:54 [notice] 35#35: exiting
2024/11/21 23:47:54 [notice] 36#36: exiting
2024/11/21 23:47:54 [notice] 29#29: exit
2024/11/21 23:47:54 [notice] 32#32: exit
2024/11/21 23:47:54 [notice] 28#28: exit
2024/11/21 23:47:54 [notice] 34#34: exit
2024/11/21 23:47:54 [notice] 33#33: exit
2024/11/21 23:47:54 [notice] 30#30: exit
2024/11/21 23:47:54 [notice] 37#37: exit
2024/11/21 23:47:54 [notice] 31#31: exit
2024/11/21 23:47:54 [notice] 35#35: exit
2024/11/21 23:47:54 [notice] 36#36: exit
2024/11/21 23:47:54 [notice] 38#38: gracefully shutting down
2024/11/21 23:47:54 [notice] 38#38: exiting
2024/11/21 23:47:54 [notice] 38#38: exit
2024/11/21 23:47:54 [notice] 39#39: gracefully shutting down
2024/11/21 23:47:54 [notice] 39#39: exiting
2024/11/21 23:47:54 [notice] 39#39: exit
2024/11/21 23:47:54 [notice] 1#1: signal 17 (SIGCHLD) received from 32
2024/11/21 23:47:54 [notice] 1#1: worker process 32 exited with code 0
2024/11/21 23:47:54 [notice] 1#1: signal 29 (SIGIO) received
2024/11/21 23:47:54 [notice] 1#1: signal 17 (SIGCHLD) received from 34
2024/11/21 23:47:54 [notice] 1#1: worker process 34 exited with code 0
2024/11/21 23:47:54 [notice] 1#1: signal 29 (SIGIO) received
2024/11/21 23:47:54 [notice] 1#1: signal 17 (SIGCHLD) received from 30
2024/11/21 23:47:54 [notice] 1#1: worker process 30 exited with code 0
2024/11/21 23:47:54 [notice] 1#1: signal 29 (SIGIO) received
2024/11/21 23:47:54 [notice] 1#1: signal 17 (SIGCHLD) received from 37
2024/11/21 23:47:54 [notice] 1#1: worker process 36 exited with code 0
2024/11/21 23:47:54 [notice] 1#1: worker process 37 exited with code 0
2024/11/21 23:47:54 [notice] 1#1: signal 29 (SIGIO) received
2024/11/21 23:47:54 [notice] 1#1: signal 17 (SIGCHLD) received from 38
2024/11/21 23:47:54 [notice] 1#1: worker process 33 exited with code 0
2024/11/21 23:47:54 [notice] 1#1: worker process 29 exited with code 0
2024/11/21 23:47:54 [notice] 1#1: worker process 31 exited with code 0
2024/11/21 23:47:54 [notice] 1#1: worker process 35 exited with code 0
2024/11/21 23:47:54 [notice] 1#1: worker process 38 exited with code 0
2024/11/21 23:47:54 [notice] 1#1: worker process 39 exited with code 0
2024/11/21 23:47:54 [notice] 1#1: signal 29 (SIGIO) received
2024/11/21 23:47:54 [notice] 1#1: signal 17 (SIGCHLD) received from 33
2024/11/21 23:47:54 [notice] 1#1: signal 17 (SIGCHLD) received from 28
2024/11/21 23:47:54 [notice] 1#1: worker process 28 exited with code 0
2024/11/21 23:47:54 [notice] 1#1: exit
2024/11/22 12:43:16 [notice] 1#1: using the "epoll" event method
2024/11/22 12:43:16 [notice] 1#1: nginx/1.27.2
2024/11/22 12:43:16 [notice] 1#1: built by gcc 12.2.0 (Debian 12.2.0-14) 
2024/11/22 12:43:16 [notice] 1#1: OS: Linux 6.8.0-49-generic
2024/11/22 12:43:16 [notice] 1#1: getrlimit(RLIMIT_NOFILE): 1048576:1048576
2024/11/22 12:43:16 [notice] 1#1: start worker processes
2024/11/22 12:43:16 [notice] 1#1: start worker process 28
2024/11/22 12:43:16 [notice] 1#1: start worker process 29
2024/11/22 12:43:16 [notice] 1#1: start worker process 30
2024/11/22 12:43:16 [notice] 1#1: start worker process 31
2024/11/22 12:43:16 [notice] 1#1: start worker process 32
2024/11/22 12:43:16 [notice] 1#1: start worker process 33
2024/11/22 12:43:16 [notice] 1#1: start worker process 34
2024/11/22 12:43:16 [notice] 1#1: start worker process 35
2024/11/22 12:43:16 [notice] 1#1: start worker process 36
2024/11/22 12:43:16 [notice] 1#1: start worker process 37
2024/11/22 12:43:16 [notice] 1#1: start worker process 38
2024/11/22 12:43:16 [notice] 1#1: start worker process 39
2024/11/22 16:46:04 [notice] 1#1: signal 3 (SIGQUIT) received, shutting down
2024/11/22 16:46:04 [notice] 37#37: gracefully shutting down
2024/11/22 16:46:04 [notice] 37#37: exiting
2024/11/22 16:46:04 [notice] 37#37: exit
2024/11/22 16:46:04 [notice] 28#28: gracefully shutting down
2024/11/22 16:46:04 [notice] 28#28: exiting
2024/11/22 16:46:04 [notice] 28#28: exit
2024/11/22 16:46:04 [notice] 29#29: gracefully shutting down
2024/11/22 16:46:04 [notice] 29#29: exiting
2024/11/22 16:46:04 [notice] 29#29: exit
2024/11/22 16:46:04 [notice] 30#30: gracefully shutting down
2024/11/22 16:46:04 [notice] 30#30: exiting
2024/11/22 16:46:04 [notice] 30#30: exit
2024/11/22 16:46:04 [notice] 31#31: gracefully shutting down
2024/11/22 16:46:04 [notice] 31#31: exiting
2024/11/22 16:46:04 [notice] 31#31: exit
2024/11/22 16:46:04 [notice] 32#32: gracefully shutting down
2024/11/22 16:46:04 [notice] 32#32: exiting
2024/11/22 16:46:04 [notice] 32#32: exit
2024/11/22 16:46:04 [notice] 33#33: gracefully shutting down
2024/11/22 16:46:04 [notice] 33#33: exiting
2024/11/22 16:46:04 [notice] 33#33: exit
2024/11/22 16:46:04 [notice] 34#34: gracefully shutting down
2024/11/22 16:46:04 [notice] 34#34: exiting
2024/11/22 16:46:04 [notice] 34#34: exit
2024/11/22 16:46:04 [notice] 35#35: gracefully shutting down
2024/11/22 16:46:04 [notice] 35#35: exiting
2024/11/22 16:46:04 [notice] 35#35: exit
2024/11/22 16:46:04 [notice] 36#36: gracefully shutting down
2024/11/22 16:46:04 [notice] 36#36: exiting
2024/11/22 16:46:04 [notice] 36#36: exit
2024/11/22 16:46:04 [notice] 38#38: gracefully shutting down
2024/11/22 16:46:04 [notice] 38#38: exiting
2024/11/22 16:46:04 [notice] 38#38: exit
2024/11/22 16:46:04 [notice] 39#39: gracefully shutting down
2024/11/22 16:46:04 [notice] 39#39: exiting
2024/11/22 16:46:04 [notice] 39#39: exit
2024/11/22 16:46:04 [notice] 1#1: signal 17 (SIGCHLD) received from 29
2024/11/22 16:46:04 [notice] 1#1: worker process 28 exited with code 0
2024/11/22 16:46:04 [notice] 1#1: worker process 29 exited with code 0
2024/11/22 16:46:04 [notice] 1#1: worker process 37 exited with code 0
2024/11/22 16:46:04 [notice] 1#1: signal 29 (SIGIO) received
2024/11/22 16:46:04 [notice] 1#1: signal 17 (SIGCHLD) received from 30
2024/11/22 16:46:04 [notice] 1#1: worker process 30 exited with code 0
2024/11/22 16:46:04 [notice] 1#1: signal 29 (SIGIO) received
2024/11/22 16:46:04 [notice] 1#1: signal 17 (SIGCHLD) received from 31
2024/11/22 16:46:04 [notice] 1#1: worker process 31 exited with code 0
2024/11/22 16:46:04 [notice] 1#1: signal 29 (SIGIO) received
2024/11/22 16:46:04 [notice] 1#1: signal 17 (SIGCHLD) received from 33
2024/11/22 16:46:04 [notice] 1#1: worker process 33 exited with code 0
2024/11/22 16:46:04 [notice] 1#1: signal 29 (SIGIO) received
2024/11/22 16:46:04 [notice] 1#1: signal 17 (SIGCHLD) received from 32
2024/11/22 16:46:04 [notice] 1#1: worker process 32 exited with code 0
2024/11/22 16:46:04 [notice] 1#1: signal 29 (SIGIO) received
2024/11/22 16:46:04 [notice] 1#1: signal 17 (SIGCHLD) received from 34
2024/11/22 16:46:04 [notice] 1#1: worker process 34 exited with code 0
2024/11/22 16:46:04 [notice] 1#1: signal 29 (SIGIO) received
2024/11/22 16:46:04 [notice] 1#1: signal 17 (SIGCHLD) received from 39
2024/11/22 16:46:04 [notice] 1#1: worker process 39 exited with code 0
2024/11/22 16:46:04 [notice] 1#1: signal 29 (SIGIO) received
2024/11/22 16:46:04 [notice] 1#1: signal 17 (SIGCHLD) received from 36
2024/11/22 16:46:04 [notice] 1#1: worker process 36 exited with code 0
2024/11/22 16:46:04 [notice] 1#1: signal 29 (SIGIO) received
2024/11/22 16:46:04 [notice] 1#1: signal 17 (SIGCHLD) received from 38
2024/11/22 16:46:04 [notice] 1#1: worker process 38 exited with code 0
2024/11/22 16:46:04 [notice] 1#1: signal 29 (SIGIO) received
2024/11/22 16:46:04 [notice] 1#1: signal 17 (SIGCHLD) received from 35
2024/11/22 16:46:04 [notice] 1#1: worker process 35 exited with code 0
2024/11/22 16:46:04 [notice] 1#1: exit
2024/11/25 19:24:26 [emerg] 1#1: host not found in upstream "lara_docker_env_app" in /etc/nginx/conf.d/default.conf:12
2024/11/25 19:29:29 [emerg] 1#1: host not found in upstream "lara_docker_env_app" in /etc/nginx/conf.d/default.conf:12
2024/11/25 20:01:41 [notice] 1#1: using the "epoll" event method
2024/11/25 20:01:41 [notice] 1#1: nginx/1.27.2
2024/11/25 20:01:41 [notice] 1#1: built by gcc 12.2.0 (Debian 12.2.0-14) 
2024/11/25 20:01:41 [notice] 1#1: OS: Linux 6.8.0-49-generic
2024/11/25 20:01:41 [notice] 1#1: getrlimit(RLIMIT_NOFILE): 1048576:1048576
2024/11/25 20:01:41 [notice] 1#1: start worker processes
2024/11/25 20:01:41 [notice] 1#1: start worker process 28
2024/11/25 20:01:41 [notice] 1#1: start worker process 29
2024/11/25 20:01:41 [notice] 1#1: start worker process 30
2024/11/25 20:01:41 [notice] 1#1: start worker process 31
2024/11/25 20:01:41 [notice] 1#1: start worker process 32
2024/11/25 20:01:41 [notice] 1#1: start worker process 33
2024/11/25 20:01:41 [notice] 1#1: start worker process 34
2024/11/25 20:01:41 [notice] 1#1: start worker process 35
2024/11/25 20:01:41 [notice] 1#1: start worker process 36
2024/11/25 20:01:41 [notice] 1#1: start worker process 37
2024/11/25 20:01:41 [notice] 1#1: start worker process 38
2024/11/25 20:01:41 [notice] 1#1: start worker process 39
2024/11/25 20:01:51 [error] 29#29: *1 connect() failed (111: Connection refused) while connecting to upstream, client: 10.0.0.1, server: , request: "GET / HTTP/1.1", upstream: "fastcgi://10.0.0.4:9000", host: "localhost:8088"
2024/11/25 20:01:52 [error] 29#29: *1 connect() failed (111: Connection refused) while connecting to upstream, client: 10.0.0.1, server: , request: "GET / HTTP/1.1", upstream: "fastcgi://10.0.0.4:9000", host: "localhost:8088"
2024/11/25 20:01:52 [error] 29#29: *1 connect() failed (111: Connection refused) while connecting to upstream, client: 10.0.0.1, server: , request: "GET / HTTP/1.1", upstream: "fastcgi://10.0.0.4:9000", host: "localhost:8088"
2024/11/25 20:02:04 [error] 30#30: *5 connect() failed (111: Connection refused) while connecting to upstream, client: 10.0.0.1, server: , request: "HEAD / HTTP/1.1", upstream: "fastcgi://10.0.0.4:9000", host: "localhost:8088"
2024/11/25 20:03:09 [error] 28#28: *7 connect() failed (111: Connection refused) while connecting to upstream, client: 10.0.0.1, server: , request: "HEAD / HTTP/1.1", upstream: "fastcgi://10.0.0.4:9000", host: "localhost:8088"
2024/11/25 20:05:21 [notice] 1#1: signal 3 (SIGQUIT) received, shutting down
2024/11/25 20:05:21 [notice] 30#30: gracefully shutting down
2024/11/25 20:05:21 [notice] 29#29: gracefully shutting down
2024/11/25 20:05:21 [notice] 28#28: gracefully shutting down
2024/11/25 20:05:21 [notice] 31#31: gracefully shutting down
2024/11/25 20:05:21 [notice] 33#33: gracefully shutting down
2024/11/25 20:05:21 [notice] 30#30: exiting
2024/11/25 20:05:21 [notice] 35#35: gracefully shutting down
2024/11/25 20:05:21 [notice] 36#36: gracefully shutting down
2024/11/25 20:05:21 [notice] 29#29: exiting
2024/11/25 20:05:21 [notice] 28#28: exiting
2024/11/25 20:05:21 [notice] 32#32: gracefully shutting down
2024/11/25 20:05:21 [notice] 31#31: exiting
2024/11/25 20:05:21 [notice] 33#33: exiting
2024/11/25 20:05:21 [notice] 35#35: exiting
2024/11/25 20:05:21 [notice] 38#38: gracefully shutting down
2024/11/25 20:05:21 [notice] 36#36: exiting
2024/11/25 20:05:21 [notice] 30#30: exit
2024/11/25 20:05:21 [notice] 29#29: exit
2024/11/25 20:05:21 [notice] 32#32: exiting
2024/11/25 20:05:21 [notice] 38#38: exiting
2024/11/25 20:05:21 [notice] 33#33: exit
2024/11/25 20:05:21 [notice] 28#28: exit
2024/11/25 20:05:21 [notice] 35#35: exit
2024/11/25 20:05:21 [notice] 36#36: exit
2024/11/25 20:05:21 [notice] 31#31: exit
2024/11/25 20:05:21 [notice] 38#38: exit
2024/11/25 20:05:21 [notice] 32#32: exit
2024/11/25 20:05:21 [notice] 37#37: gracefully shutting down
2024/11/25 20:05:21 [notice] 37#37: exiting
2024/11/25 20:05:21 [notice] 37#37: exit
2024/11/25 20:05:21 [notice] 34#34: gracefully shutting down
2024/11/25 20:05:21 [notice] 39#39: gracefully shutting down
2024/11/25 20:05:21 [notice] 34#34: exiting
2024/11/25 20:05:21 [notice] 39#39: exiting
2024/11/25 20:05:21 [notice] 34#34: exit
2024/11/25 20:05:21 [notice] 39#39: exit
2024/11/25 20:05:21 [notice] 1#1: signal 17 (SIGCHLD) received from 37
2024/11/25 20:05:21 [notice] 1#1: worker process 37 exited with code 0
2024/11/25 20:05:21 [notice] 1#1: signal 29 (SIGIO) received
2024/11/25 20:05:21 [notice] 1#1: signal 17 (SIGCHLD) received from 33
2024/11/25 20:05:21 [notice] 1#1: worker process 33 exited with code 0
2024/11/25 20:05:21 [notice] 1#1: worker process 36 exited with code 0
2024/11/25 20:05:21 [notice] 1#1: signal 29 (SIGIO) received
2024/11/25 20:05:21 [notice] 1#1: signal 17 (SIGCHLD) received from 38
2024/11/25 20:05:21 [notice] 1#1: worker process 38 exited with code 0
2024/11/25 20:05:21 [notice] 1#1: signal 29 (SIGIO) received
2024/11/25 20:05:21 [notice] 1#1: signal 17 (SIGCHLD) received from 29
2024/11/25 20:05:21 [notice] 1#1: worker process 29 exited with code 0
2024/11/25 20:05:21 [notice] 1#1: signal 29 (SIGIO) received
2024/11/25 20:05:21 [notice] 1#1: signal 17 (SIGCHLD) received from 39
2024/11/25 20:05:21 [notice] 1#1: worker process 30 exited with code 0
2024/11/25 20:05:21 [notice] 1#1: worker process 39 exited with code 0
2024/11/25 20:05:21 [notice] 1#1: signal 29 (SIGIO) received
2024/11/25 20:05:21 [notice] 1#1: signal 17 (SIGCHLD) received from 35
2024/11/25 20:05:21 [notice] 1#1: worker process 31 exited with code 0
2024/11/25 20:05:21 [notice] 1#1: worker process 35 exited with code 0
2024/11/25 20:05:21 [notice] 1#1: signal 29 (SIGIO) received
2024/11/25 20:05:21 [notice] 1#1: signal 17 (SIGCHLD) received from 31
2024/11/25 20:05:21 [notice] 1#1: signal 17 (SIGCHLD) received from 28
2024/11/25 20:05:21 [notice] 1#1: worker process 28 exited with code 0
2024/11/25 20:05:21 [notice] 1#1: signal 29 (SIGIO) received
2024/11/25 20:05:21 [notice] 1#1: signal 17 (SIGCHLD) received from 32
2024/11/25 20:05:21 [notice] 1#1: worker process 32 exited with code 0
2024/11/25 20:05:21 [notice] 1#1: signal 17 (SIGCHLD) received from 34
2024/11/25 20:05:21 [notice] 1#1: worker process 34 exited with code 0
2024/11/25 20:05:21 [notice] 1#1: exit
2024/11/25 20:05:22 [notice] 1#1: using the "epoll" event method
2024/11/25 20:05:22 [notice] 1#1: nginx/1.27.2
2024/11/25 20:05:22 [notice] 1#1: built by gcc 12.2.0 (Debian 12.2.0-14) 
2024/11/25 20:05:22 [notice] 1#1: OS: Linux 6.8.0-49-generic
2024/11/25 20:05:22 [notice] 1#1: getrlimit(RLIMIT_NOFILE): 1048576:1048576
2024/11/25 20:05:22 [notice] 1#1: start worker processes
2024/11/25 20:05:22 [notice] 1#1: start worker process 28
2024/11/25 20:05:22 [notice] 1#1: start worker process 29
2024/11/25 20:05:22 [notice] 1#1: start worker process 30
2024/11/25 20:05:22 [notice] 1#1: start worker process 31
2024/11/25 20:05:22 [notice] 1#1: start worker process 32
2024/11/25 20:05:22 [notice] 1#1: start worker process 33
2024/11/25 20:05:22 [notice] 1#1: start worker process 34
2024/11/25 20:05:22 [notice] 1#1: start worker process 35
2024/11/25 20:05:22 [notice] 1#1: start worker process 36
2024/11/25 20:05:22 [notice] 1#1: start worker process 37
2024/11/25 20:05:22 [notice] 1#1: start worker process 38
2024/11/25 20:05:22 [notice] 1#1: start worker process 39
2024/11/25 20:11:23 [notice] 1#1: signal 3 (SIGQUIT) received, shutting down
2024/11/25 20:11:23 [notice] 28#28: gracefully shutting down
2024/11/25 20:11:23 [notice] 30#30: gracefully shutting down
2024/11/25 20:11:23 [notice] 29#29: gracefully shutting down
2024/11/25 20:11:23 [notice] 31#31: gracefully shutting down
2024/11/25 20:11:23 [notice] 33#33: gracefully shutting down
2024/11/25 20:11:23 [notice] 28#28: exiting
2024/11/25 20:11:23 [notice] 30#30: exiting
2024/11/25 20:11:23 [notice] 29#29: exiting
2024/11/25 20:11:23 [notice] 37#37: gracefully shutting down
2024/11/25 20:11:23 [notice] 38#38: gracefully shutting down
2024/11/25 20:11:23 [notice] 31#31: exiting
2024/11/25 20:11:23 [notice] 32#32: gracefully shutting down
2024/11/25 20:11:23 [notice] 33#33: exiting
2024/11/25 20:11:23 [notice] 37#37: exiting
2024/11/25 20:11:23 [notice] 38#38: exiting
2024/11/25 20:11:23 [notice] 32#32: exiting
2024/11/25 20:11:23 [notice] 28#28: exit
2024/11/25 20:11:23 [notice] 29#29: exit
2024/11/25 20:11:23 [notice] 30#30: exit
2024/11/25 20:11:23 [notice] 31#31: exit
2024/11/25 20:11:23 [notice] 38#38: exit
2024/11/25 20:11:23 [notice] 33#33: exit
2024/11/25 20:11:23 [notice] 37#37: exit
2024/11/25 20:11:23 [notice] 32#32: exit
2024/11/25 20:11:23 [notice] 35#35: gracefully shutting down
2024/11/25 20:11:23 [notice] 35#35: exiting
2024/11/25 20:11:23 [notice] 35#35: exit
2024/11/25 20:11:23 [notice] 34#34: gracefully shutting down
2024/11/25 20:11:23 [notice] 34#34: exiting
2024/11/25 20:11:23 [notice] 34#34: exit
2024/11/25 20:11:23 [notice] 36#36: gracefully shutting down
2024/11/25 20:11:23 [notice] 36#36: exiting
2024/11/25 20:11:23 [notice] 36#36: exit
2024/11/25 20:11:23 [notice] 39#39: gracefully shutting down
2024/11/25 20:11:23 [notice] 39#39: exiting
2024/11/25 20:11:23 [notice] 39#39: exit
2024/11/25 20:11:23 [notice] 1#1: signal 17 (SIGCHLD) received from 31
2024/11/25 20:11:23 [notice] 1#1: worker process 31 exited with code 0
2024/11/25 20:11:23 [notice] 1#1: worker process 34 exited with code 0
2024/11/25 20:11:23 [notice] 1#1: signal 29 (SIGIO) received
2024/11/25 20:11:23 [notice] 1#1: signal 17 (SIGCHLD) received from 35
2024/11/25 20:11:23 [notice] 1#1: worker process 35 exited with code 0
2024/11/25 20:11:23 [notice] 1#1: signal 29 (SIGIO) received
2024/11/25 20:11:23 [notice] 1#1: signal 17 (SIGCHLD) received from 39
2024/11/25 20:11:23 [notice] 1#1: worker process 29 exited with code 0
2024/11/25 20:11:23 [notice] 1#1: worker process 39 exited with code 0
2024/11/25 20:11:23 [notice] 1#1: signal 29 (SIGIO) received
2024/11/25 20:11:23 [notice] 1#1: signal 17 (SIGCHLD) received from 33
2024/11/25 20:11:23 [notice] 1#1: worker process 33 exited with code 0
2024/11/25 20:11:23 [notice] 1#1: signal 29 (SIGIO) received
2024/11/25 20:11:23 [notice] 1#1: signal 17 (SIGCHLD) received from 30
2024/11/25 20:11:23 [notice] 1#1: worker process 28 exited with code 0
2024/11/25 20:11:23 [notice] 1#1: worker process 30 exited with code 0
2024/11/25 20:11:23 [notice] 1#1: worker process 37 exited with code 0
2024/11/25 20:11:23 [notice] 1#1: worker process 38 exited with code 0
2024/11/25 20:11:23 [notice] 1#1: signal 29 (SIGIO) received
2024/11/25 20:11:23 [notice] 1#1: signal 17 (SIGCHLD) received from 36
2024/11/25 20:11:23 [notice] 1#1: worker process 36 exited with code 0
2024/11/25 20:11:23 [notice] 1#1: worker process 32 exited with code 0
2024/11/25 20:11:23 [notice] 1#1: exit
2024/11/25 20:11:23 [notice] 1#1: using the "epoll" event method
2024/11/25 20:11:23 [notice] 1#1: nginx/1.27.2
2024/11/25 20:11:23 [notice] 1#1: built by gcc 12.2.0 (Debian 12.2.0-14) 
2024/11/25 20:11:23 [notice] 1#1: OS: Linux 6.8.0-49-generic
2024/11/25 20:11:23 [notice] 1#1: getrlimit(RLIMIT_NOFILE): 1048576:1048576
2024/11/25 20:11:23 [notice] 1#1: start worker processes
2024/11/25 20:11:23 [notice] 1#1: start worker process 28
2024/11/25 20:11:23 [notice] 1#1: start worker process 29
2024/11/25 20:11:23 [notice] 1#1: start worker process 30
2024/11/25 20:11:23 [notice] 1#1: start worker process 31
2024/11/25 20:11:23 [notice] 1#1: start worker process 32
2024/11/25 20:11:23 [notice] 1#1: start worker process 33
2024/11/25 20:11:23 [notice] 1#1: start worker process 34
2024/11/25 20:11:23 [notice] 1#1: start worker process 35
2024/11/25 20:11:23 [notice] 1#1: start worker process 36
2024/11/25 20:11:23 [notice] 1#1: start worker process 37
2024/11/25 20:11:23 [notice] 1#1: start worker process 38
2024/11/25 20:11:23 [notice] 1#1: start worker process 39
2024/11/25 23:54:49 [notice] 1#1: signal 3 (SIGQUIT) received, shutting down
2024/11/25 23:54:49 [notice] 30#30: gracefully shutting down
2024/11/25 23:54:49 [notice] 29#29: gracefully shutting down
2024/11/25 23:54:49 [notice] 31#31: gracefully shutting down
2024/11/25 23:54:49 [notice] 30#30: exiting
2024/11/25 23:54:49 [notice] 32#32: gracefully shutting down
2024/11/25 23:54:49 [notice] 31#31: exiting
2024/11/25 23:54:49 [notice] 32#32: exiting
2024/11/25 23:54:49 [notice] 29#29: exiting
2024/11/25 23:54:49 [notice] 32#32: exit
2024/11/25 23:54:49 [notice] 30#30: exit
2024/11/25 23:54:49 [notice] 31#31: exit
2024/11/25 23:54:49 [notice] 28#28: gracefully shutting down
2024/11/25 23:54:49 [notice] 28#28: exiting
2024/11/25 23:54:49 [notice] 29#29: exit
2024/11/25 23:54:49 [notice] 28#28: exit
2024/11/25 23:54:49 [notice] 34#34: gracefully shutting down
2024/11/25 23:54:49 [notice] 34#34: exiting
2024/11/25 23:54:49 [notice] 34#34: exit
2024/11/25 23:54:49 [notice] 35#35: gracefully shutting down
2024/11/25 23:54:49 [notice] 35#35: exiting
2024/11/25 23:54:49 [notice] 35#35: exit
2024/11/25 23:54:49 [notice] 38#38: gracefully shutting down
2024/11/25 23:54:49 [notice] 38#38: exiting
2024/11/25 23:54:49 [notice] 38#38: exit
2024/11/25 23:54:49 [notice] 33#33: gracefully shutting down
2024/11/25 23:54:49 [notice] 33#33: exiting
2024/11/25 23:54:49 [notice] 33#33: exit
2024/11/25 23:54:49 [notice] 36#36: gracefully shutting down
2024/11/25 23:54:49 [notice] 36#36: exiting
2024/11/25 23:54:49 [notice] 36#36: exit
2024/11/25 23:54:49 [notice] 37#37: gracefully shutting down
2024/11/25 23:54:49 [notice] 37#37: exiting
2024/11/25 23:54:49 [notice] 39#39: gracefully shutting down
2024/11/25 23:54:49 [notice] 39#39: exiting
2024/11/25 23:54:49 [notice] 39#39: exit
2024/11/25 23:54:49 [notice] 37#37: exit
2024/11/25 23:54:49 [notice] 1#1: signal 17 (SIGCHLD) received from 28
2024/11/25 23:54:49 [notice] 1#1: worker process 28 exited with code 0
2024/11/25 23:54:49 [notice] 1#1: worker process 31 exited with code 0
2024/11/25 23:54:49 [notice] 1#1: worker process 38 exited with code 0
2024/11/25 23:54:49 [notice] 1#1: signal 29 (SIGIO) received
2024/11/25 23:54:49 [notice] 1#1: signal 17 (SIGCHLD) received from 29
2024/11/25 23:54:49 [notice] 1#1: worker process 29 exited with code 0
2024/11/25 23:54:49 [notice] 1#1: signal 29 (SIGIO) received
2024/11/25 23:54:49 [notice] 1#1: signal 17 (SIGCHLD) received from 34
2024/11/25 23:54:49 [notice] 1#1: worker process 34 exited with code 0
2024/11/25 23:54:49 [notice] 1#1: signal 29 (SIGIO) received
2024/11/25 23:54:49 [notice] 1#1: signal 17 (SIGCHLD) received from 35
2024/11/25 23:54:49 [notice] 1#1: worker process 33 exited with code 0
2024/11/25 23:54:49 [notice] 1#1: worker process 35 exited with code 0
2024/11/25 23:54:49 [notice] 1#1: signal 29 (SIGIO) received
2024/11/25 23:54:49 [notice] 1#1: signal 17 (SIGCHLD) received from 32
2024/11/25 23:54:49 [notice] 1#1: worker process 32 exited with code 0
2024/11/25 23:54:49 [notice] 1#1: signal 29 (SIGIO) received
2024/11/25 23:54:49 [notice] 1#1: signal 17 (SIGCHLD) received from 30
2024/11/25 23:54:49 [notice] 1#1: worker process 30 exited with code 0
2024/11/25 23:54:49 [notice] 1#1: signal 29 (SIGIO) received
2024/11/25 23:54:49 [notice] 1#1: signal 17 (SIGCHLD) received from 36
2024/11/25 23:54:49 [notice] 1#1: worker process 36 exited with code 0
2024/11/25 23:54:49 [notice] 1#1: signal 29 (SIGIO) received
2024/11/25 23:54:49 [notice] 1#1: signal 17 (SIGCHLD) received from 37
2024/11/25 23:54:49 [notice] 1#1: worker process 37 exited with code 0
2024/11/25 23:54:49 [notice] 1#1: signal 29 (SIGIO) received
2024/11/25 23:54:49 [notice] 1#1: signal 17 (SIGCHLD) received from 39
2024/11/25 23:54:49 [notice] 1#1: worker process 39 exited with code 0
2024/11/25 23:54:49 [notice] 1#1: exit
2024/11/26 13:01:11 [notice] 1#1: using the "epoll" event method
2024/11/26 13:01:11 [notice] 1#1: nginx/1.27.2
2024/11/26 13:01:11 [notice] 1#1: built by gcc 12.2.0 (Debian 12.2.0-14) 
2024/11/26 13:01:11 [notice] 1#1: OS: Linux 6.8.0-49-generic
2024/11/26 13:01:11 [notice] 1#1: getrlimit(RLIMIT_NOFILE): 1048576:1048576
2024/11/26 13:01:11 [notice] 1#1: start worker processes
2024/11/26 13:01:11 [notice] 1#1: start worker process 28
2024/11/26 13:01:11 [notice] 1#1: start worker process 29
2024/11/26 13:01:11 [notice] 1#1: start worker process 30
2024/11/26 13:01:11 [notice] 1#1: start worker process 31
2024/11/26 13:01:11 [notice] 1#1: start worker process 32
2024/11/26 13:01:11 [notice] 1#1: start worker process 33
2024/11/26 13:01:11 [notice] 1#1: start worker process 34
2024/11/26 13:01:11 [notice] 1#1: start worker process 35
2024/11/26 13:01:11 [notice] 1#1: start worker process 36
2024/11/26 13:01:11 [notice] 1#1: start worker process 37
2024/11/26 13:01:11 [notice] 1#1: start worker process 38
2024/11/26 13:01:11 [notice] 1#1: start worker process 39
2024/11/26 14:46:59 [notice] 1#1: signal 3 (SIGQUIT) received, shutting down
2024/11/26 14:46:59 [notice] 32#32: gracefully shutting down
2024/11/26 14:46:59 [notice] 29#29: gracefully shutting down
2024/11/26 14:46:59 [notice] 32#32: exiting
2024/11/26 14:46:59 [notice] 32#32: exit
2024/11/26 14:46:59 [notice] 29#29: exiting
2024/11/26 14:46:59 [notice] 29#29: exit
2024/11/26 14:46:59 [notice] 35#35: gracefully shutting down
2024/11/26 14:46:59 [notice] 35#35: exiting
2024/11/26 14:46:59 [notice] 35#35: exit
2024/11/26 14:46:59 [notice] 28#28: gracefully shutting down
2024/11/26 14:46:59 [notice] 28#28: exiting
2024/11/26 14:46:59 [notice] 28#28: exit
2024/11/26 14:46:59 [notice] 30#30: gracefully shutting down
2024/11/26 14:46:59 [notice] 30#30: exiting
2024/11/26 14:46:59 [notice] 30#30: exit
2024/11/26 14:46:59 [notice] 34#34: gracefully shutting down
2024/11/26 14:46:59 [notice] 34#34: exiting
2024/11/26 14:46:59 [notice] 34#34: exit
2024/11/26 14:46:59 [notice] 31#31: gracefully shutting down
2024/11/26 14:46:59 [notice] 37#37: gracefully shutting down
2024/11/26 14:46:59 [notice] 31#31: exiting
2024/11/26 14:46:59 [notice] 37#37: exiting
2024/11/26 14:46:59 [notice] 33#33: gracefully shutting down
2024/11/26 14:46:59 [notice] 33#33: exiting
2024/11/26 14:46:59 [notice] 31#31: exit
2024/11/26 14:46:59 [notice] 37#37: exit
2024/11/26 14:46:59 [notice] 33#33: exit
2024/11/26 14:46:59 [notice] 38#38: gracefully shutting down
2024/11/26 14:46:59 [notice] 38#38: exiting
2024/11/26 14:46:59 [notice] 39#39: gracefully shutting down
2024/11/26 14:46:59 [notice] 36#36: gracefully shutting down
2024/11/26 14:46:59 [notice] 39#39: exiting
2024/11/26 14:46:59 [notice] 38#38: exit
2024/11/26 14:46:59 [notice] 36#36: exiting
2024/11/26 14:46:59 [notice] 39#39: exit
2024/11/26 14:46:59 [notice] 36#36: exit
2024/11/26 14:47:00 [notice] 1#1: signal 17 (SIGCHLD) received from 33
2024/11/26 14:47:00 [notice] 1#1: worker process 28 exited with code 0
2024/11/26 14:47:00 [notice] 1#1: worker process 30 exited with code 0
2024/11/26 14:47:00 [notice] 1#1: worker process 31 exited with code 0
2024/11/26 14:47:00 [notice] 1#1: worker process 29 exited with code 0
2024/11/26 14:47:00 [notice] 1#1: worker process 32 exited with code 0
2024/11/26 14:47:00 [notice] 1#1: worker process 33 exited with code 0
2024/11/26 14:47:00 [notice] 1#1: worker process 34 exited with code 0
2024/11/26 14:47:00 [notice] 1#1: worker process 35 exited with code 0
2024/11/26 14:47:00 [notice] 1#1: worker process 36 exited with code 0
2024/11/26 14:47:00 [notice] 1#1: worker process 37 exited with code 0
2024/11/26 14:47:00 [notice] 1#1: worker process 38 exited with code 0
2024/11/26 14:47:00 [notice] 1#1: worker process 39 exited with code 0
2024/11/26 14:47:00 [notice] 1#1: exit
2024/11/27 22:46:20 [notice] 1#1: using the "epoll" event method
2024/11/27 22:46:20 [notice] 1#1: nginx/1.27.2
2024/11/27 22:46:20 [notice] 1#1: built by gcc 12.2.0 (Debian 12.2.0-14) 
2024/11/27 22:46:20 [notice] 1#1: OS: Linux 6.8.0-49-generic
2024/11/27 22:46:20 [notice] 1#1: getrlimit(RLIMIT_NOFILE): 1048576:1048576
2024/11/27 22:46:20 [notice] 1#1: start worker processes
2024/11/27 22:46:20 [notice] 1#1: start worker process 28
2024/11/27 22:46:20 [notice] 1#1: start worker process 29
2024/11/27 22:46:20 [notice] 1#1: start worker process 30
2024/11/27 22:46:20 [notice] 1#1: start worker process 31
2024/11/27 22:46:20 [notice] 1#1: start worker process 32
2024/11/27 22:46:20 [notice] 1#1: start worker process 33
2024/11/27 22:46:20 [notice] 1#1: start worker process 34
2024/11/27 22:46:20 [notice] 1#1: start worker process 35
2024/11/27 22:46:20 [notice] 1#1: start worker process 36
2024/11/27 22:46:20 [notice] 1#1: start worker process 37
2024/11/27 22:46:20 [notice] 1#1: start worker process 38
2024/11/27 22:46:20 [notice] 1#1: start worker process 39
2024/11/28 00:09:25 [notice] 1#1: signal 3 (SIGQUIT) received, shutting down
2024/11/28 00:09:25 [notice] 30#30: gracefully shutting down
2024/11/28 00:09:25 [notice] 28#28: gracefully shutting down
2024/11/28 00:09:25 [notice] 31#31: gracefully shutting down
2024/11/28 00:09:25 [notice] 29#29: gracefully shutting down
2024/11/28 00:09:25 [notice] 32#32: gracefully shutting down
2024/11/28 00:09:25 [notice] 33#33: gracefully shutting down
2024/11/28 00:09:25 [notice] 34#34: gracefully shutting down
2024/11/28 00:09:25 [notice] 37#37: gracefully shutting down
2024/11/28 00:09:25 [notice] 30#30: exiting
2024/11/28 00:09:25 [notice] 38#38: gracefully shutting down
2024/11/28 00:09:25 [notice] 28#28: exiting
2024/11/28 00:09:25 [notice] 35#35: gracefully shutting down
2024/11/28 00:09:25 [notice] 31#31: exiting
2024/11/28 00:09:25 [notice] 29#29: exiting
2024/11/28 00:09:25 [notice] 32#32: exiting
2024/11/28 00:09:25 [notice] 33#33: exiting
2024/11/28 00:09:25 [notice] 34#34: exiting
2024/11/28 00:09:25 [notice] 37#37: exiting
2024/11/28 00:09:25 [notice] 38#38: exiting
2024/11/28 00:09:25 [notice] 35#35: exiting
2024/11/28 00:09:25 [notice] 28#28: exit
2024/11/28 00:09:25 [notice] 33#33: exit
2024/11/28 00:09:25 [notice] 29#29: exit
2024/11/28 00:09:25 [notice] 32#32: exit
2024/11/28 00:09:25 [notice] 31#31: exit
2024/11/28 00:09:25 [notice] 30#30: exit
2024/11/28 00:09:25 [notice] 34#34: exit
2024/11/28 00:09:25 [notice] 38#38: exit
2024/11/28 00:09:25 [notice] 37#37: exit
2024/11/28 00:09:25 [notice] 35#35: exit
2024/11/28 00:09:25 [notice] 36#36: gracefully shutting down
2024/11/28 00:09:25 [notice] 36#36: exiting
2024/11/28 00:09:25 [notice] 36#36: exit
2024/11/28 00:09:25 [notice] 39#39: gracefully shutting down
2024/11/28 00:09:25 [notice] 39#39: exiting
2024/11/28 00:09:25 [notice] 39#39: exit
2024/11/28 00:09:25 [notice] 1#1: signal 17 (SIGCHLD) received from 30
2024/11/28 00:09:25 [notice] 1#1: worker process 30 exited with code 0
2024/11/28 00:09:25 [notice] 1#1: signal 29 (SIGIO) received
2024/11/28 00:09:25 [notice] 1#1: signal 17 (SIGCHLD) received from 28
2024/11/28 00:09:25 [notice] 1#1: worker process 28 exited with code 0
2024/11/28 00:09:25 [notice] 1#1: worker process 34 exited with code 0
2024/11/28 00:09:25 [notice] 1#1: signal 29 (SIGIO) received
2024/11/28 00:09:25 [notice] 1#1: signal 17 (SIGCHLD) received from 29
2024/11/28 00:09:25 [notice] 1#1: worker process 29 exited with code 0
2024/11/28 00:09:25 [notice] 1#1: signal 29 (SIGIO) received
2024/11/28 00:09:25 [notice] 1#1: signal 17 (SIGCHLD) received from 37
2024/11/28 00:09:25 [notice] 1#1: worker process 37 exited with code 0
2024/11/28 00:09:25 [notice] 1#1: signal 29 (SIGIO) received
2024/11/28 00:09:25 [notice] 1#1: signal 17 (SIGCHLD) received from 31
2024/11/28 00:09:25 [notice] 1#1: worker process 31 exited with code 0
2024/11/28 00:09:25 [notice] 1#1: signal 29 (SIGIO) received
2024/11/28 00:09:25 [notice] 1#1: signal 17 (SIGCHLD) received from 39
2024/11/28 00:09:25 [notice] 1#1: worker process 39 exited with code 0
2024/11/28 00:09:25 [notice] 1#1: signal 29 (SIGIO) received
2024/11/28 00:09:25 [notice] 1#1: signal 17 (SIGCHLD) received from 38
2024/11/28 00:09:25 [notice] 1#1: worker process 38 exited with code 0
2024/11/28 00:09:25 [notice] 1#1: signal 29 (SIGIO) received
2024/11/28 00:09:25 [notice] 1#1: signal 17 (SIGCHLD) received from 33
2024/11/28 00:09:25 [notice] 1#1: worker process 33 exited with code 0
2024/11/28 00:09:25 [notice] 1#1: signal 29 (SIGIO) received
2024/11/28 00:09:25 [notice] 1#1: signal 17 (SIGCHLD) received from 35
2024/11/28 00:09:25 [notice] 1#1: worker process 35 exited with code 0
2024/11/28 00:09:25 [notice] 1#1: signal 29 (SIGIO) received
2024/11/28 00:09:25 [notice] 1#1: signal 17 (SIGCHLD) received from 36
2024/11/28 00:09:25 [notice] 1#1: worker process 36 exited with code 0
2024/11/28 00:09:25 [notice] 1#1: signal 17 (SIGCHLD) received from 32
2024/11/28 00:09:25 [notice] 1#1: worker process 32 exited with code 0
2024/11/28 00:09:25 [notice] 1#1: exit
2024/11/28 19:00:32 [notice] 1#1: using the "epoll" event method
2024/11/28 19:00:32 [notice] 1#1: nginx/1.27.2
2024/11/28 19:00:32 [notice] 1#1: built by gcc 12.2.0 (Debian 12.2.0-14) 
2024/11/28 19:00:32 [notice] 1#1: OS: Linux 6.8.0-49-generic
2024/11/28 19:00:32 [notice] 1#1: getrlimit(RLIMIT_NOFILE): 1048576:1048576
2024/11/28 19:00:32 [notice] 1#1: start worker processes
2024/11/28 19:00:32 [notice] 1#1: start worker process 28
2024/11/28 19:00:32 [notice] 1#1: start worker process 29
2024/11/28 19:00:32 [notice] 1#1: start worker process 30
2024/11/28 19:00:32 [notice] 1#1: start worker process 31
2024/11/28 19:00:32 [notice] 1#1: start worker process 32
2024/11/28 19:00:32 [notice] 1#1: start worker process 33
2024/11/28 19:00:32 [notice] 1#1: start worker process 34
2024/11/28 19:00:32 [notice] 1#1: start worker process 35
2024/11/28 19:00:32 [notice] 1#1: start worker process 36
2024/11/28 19:00:32 [notice] 1#1: start worker process 37
2024/11/28 19:00:32 [notice] 1#1: start worker process 38
2024/11/28 19:00:32 [notice] 1#1: start worker process 39
2024/11/28 23:23:24 [notice] 1#1: signal 3 (SIGQUIT) received, shutting down
2024/11/28 23:23:24 [notice] 34#34: gracefully shutting down
2024/11/28 23:23:24 [notice] 35#35: gracefully shutting down
2024/11/28 23:23:24 [notice] 36#36: gracefully shutting down
2024/11/28 23:23:24 [notice] 32#32: gracefully shutting down
2024/11/28 23:23:24 [notice] 29#29: gracefully shutting down
2024/11/28 23:23:24 [notice] 30#30: gracefully shutting down
2024/11/28 23:23:24 [notice] 34#34: exiting
2024/11/28 23:23:24 [notice] 35#35: exiting
2024/11/28 23:23:24 [notice] 36#36: exiting
2024/11/28 23:23:24 [notice] 32#32: exiting
2024/11/28 23:23:24 [notice] 28#28: gracefully shutting down
2024/11/28 23:23:24 [notice] 29#29: exiting
2024/11/28 23:23:24 [notice] 30#30: exiting
2024/11/28 23:23:24 [notice] 28#28: exiting
2024/11/28 23:23:24 [notice] 36#36: exit
2024/11/28 23:23:24 [notice] 32#32: exit
2024/11/28 23:23:24 [notice] 34#34: exit
2024/11/28 23:23:24 [notice] 35#35: exit
2024/11/28 23:23:24 [notice] 30#30: exit
2024/11/28 23:23:24 [notice] 29#29: exit
2024/11/28 23:23:24 [notice] 28#28: exit
2024/11/28 23:23:24 [notice] 37#37: gracefully shutting down
2024/11/28 23:23:24 [notice] 37#37: exiting
2024/11/28 23:23:24 [notice] 37#37: exit
2024/11/28 23:23:24 [notice] 33#33: gracefully shutting down
2024/11/28 23:23:24 [notice] 39#39: gracefully shutting down
2024/11/28 23:23:24 [notice] 33#33: exiting
2024/11/28 23:23:24 [notice] 39#39: exiting
2024/11/28 23:23:24 [notice] 33#33: exit
2024/11/28 23:23:24 [notice] 39#39: exit
2024/11/28 23:23:24 [notice] 31#31: gracefully shutting down
2024/11/28 23:23:24 [notice] 31#31: exiting
2024/11/28 23:23:24 [notice] 31#31: exit
2024/11/28 23:23:24 [notice] 38#38: gracefully shutting down
2024/11/28 23:23:24 [notice] 38#38: exiting
2024/11/28 23:23:24 [notice] 38#38: exit
2024/11/28 23:23:24 [notice] 1#1: signal 17 (SIGCHLD) received from 36
2024/11/28 23:23:24 [notice] 1#1: worker process 36 exited with code 0
2024/11/28 23:23:24 [notice] 1#1: worker process 30 exited with code 0
2024/11/28 23:23:24 [notice] 1#1: worker process 28 exited with code 0
2024/11/28 23:23:24 [notice] 1#1: worker process 33 exited with code 0
2024/11/28 23:23:24 [notice] 1#1: worker process 34 exited with code 0
2024/11/28 23:23:24 [notice] 1#1: worker process 35 exited with code 0
2024/11/28 23:23:24 [notice] 1#1: worker process 37 exited with code 0
2024/11/28 23:23:24 [notice] 1#1: worker process 31 exited with code 0
2024/11/28 23:23:24 [notice] 1#1: worker process 38 exited with code 0
2024/11/28 23:23:24 [notice] 1#1: signal 29 (SIGIO) received
2024/11/28 23:23:24 [notice] 1#1: signal 17 (SIGCHLD) received from 34
2024/11/28 23:23:24 [notice] 1#1: signal 17 (SIGCHLD) received from 29
2024/11/28 23:23:24 [notice] 1#1: worker process 29 exited with code 0
2024/11/28 23:23:24 [notice] 1#1: signal 29 (SIGIO) received
2024/11/28 23:23:24 [notice] 1#1: signal 17 (SIGCHLD) received from 32
2024/11/28 23:23:24 [notice] 1#1: worker process 32 exited with code 0
2024/11/28 23:23:24 [notice] 1#1: signal 29 (SIGIO) received
2024/11/28 23:23:24 [notice] 1#1: signal 17 (SIGCHLD) received from 39
2024/11/28 23:23:24 [notice] 1#1: worker process 39 exited with code 0
2024/11/28 23:23:24 [notice] 1#1: exit
2024/11/29 17:04:57 [notice] 1#1: using the "epoll" event method
2024/11/29 17:04:57 [notice] 1#1: nginx/1.27.2
2024/11/29 17:04:57 [notice] 1#1: built by gcc 12.2.0 (Debian 12.2.0-14) 
2024/11/29 17:04:57 [notice] 1#1: OS: Linux 6.8.0-49-generic
2024/11/29 17:04:57 [notice] 1#1: getrlimit(RLIMIT_NOFILE): 1048576:1048576
2024/11/29 17:04:57 [notice] 1#1: start worker processes
2024/11/29 17:04:57 [notice] 1#1: start worker process 28
2024/11/29 17:04:57 [notice] 1#1: start worker process 29
2024/11/29 17:04:57 [notice] 1#1: start worker process 30
2024/11/29 17:04:57 [notice] 1#1: start worker process 31
2024/11/29 17:04:57 [notice] 1#1: start worker process 32
2024/11/29 17:04:57 [notice] 1#1: start worker process 33
2024/11/29 17:04:57 [notice] 1#1: start worker process 34
2024/11/29 17:04:57 [notice] 1#1: start worker process 35
2024/11/29 17:04:57 [notice] 1#1: start worker process 36
2024/11/29 17:04:57 [notice] 1#1: start worker process 37
2024/11/29 17:04:57 [notice] 1#1: start worker process 38
2024/11/29 17:04:57 [notice] 1#1: start worker process 39
